# JRE version: OpenJDK Runtime Environment 18.9 (11.0.13+8) (build 11.0.13+8)
# Java VM: OpenJDK 64-Bit Server VM 18.9 (11.0.13+8, mixed mode, sharing, tiered, compressed oops, g1 gc, linux-amd64)
Heap:
 garbage-first heap   total 78848K, used 43157K [0x00000000c3800000, 0x0000000100000000)
  region size 1024K, 20 young (20480K), 4 survivors (4096K)
 Metaspace       used 61939K, capacity 64351K, committed 64688K, reserved 1103872K
  class space    used 8352K, capacity 9386K, committed 9472K, reserved 1048576K
GC Heap History (20 events):
Event: 1590,551 GC heap before
{Heap before GC invocations=36 (full 6):
 garbage-first heap   total 78848K, used 60162K [0x00000000c3800000, 0x0000000100000000)
  region size 1024K, 36 young (36864K), 3 survivors (3072K)
 Metaspace       used 60955K, capacity 63100K, committed 63536K, reserved 1103872K
  class space    used 8257K, capacity 9189K, committed 9344K, reserved 1048576K
}
Event: 1590,589 GC heap after
{Heap after GC invocations=37 (full 6):
 garbage-first heap   total 78848K, used 27867K [0x00000000c3800000, 0x0000000100000000)
  region size 1024K, 2 young (2048K), 2 survivors (2048K)
 Metaspace       used 60955K, capacity 63100K, committed 63536K, reserved 1103872K
  class space    used 8257K, capacity 9189K, committed 9344K, reserved 1048576K
}
Event: 1720,015 GC heap before
{Heap before GC invocations=37 (full 6):
 garbage-first heap   total 78848K, used 32987K [0x00000000c3800000, 0x0000000100000000)
  region size 1024K, 8 young (8192K), 2 survivors (2048K)
 Metaspace       used 60964K, capacity 63116K, committed 63536K, reserved 1103872K
  class space    used 8259K, capacity 9193K, committed 9344K, reserved 1048576K
}
Event: 1720,925 GC heap after
{Heap after GC invocations=38 (full 7):
 garbage-first heap   total 78848K, used 23512K [0x00000000c3800000, 0x0000000100000000)
  region size 1024K, 0 young (0K), 0 survivors (0K)
 Metaspace       used 60958K, capacity 63104K, committed 63536K, reserved 1103872K
  class space    used 8258K, capacity 9190K, committed 9344K, reserved 1048576K
}
Event: 1721,530 GC heap before
{Heap before GC invocations=38 (full 7):
 garbage-first heap   total 78848K, used 61400K [0x00000000c3800000, 0x0000000100000000)
  region size 1024K, 37 young (37888K), 0 survivors (0K)
 Metaspace       used 61068K, capacity 63310K, committed 63536K, reserved 1103872K
  class space    used 8277K, capacity 9223K, committed 9344K, reserved 1048576K
}
Event: 1721,539 GC heap after
{Heap after GC invocations=39 (full 7):
 garbage-first heap   total 78848K, used 26147K [0x00000000c3800000, 0x0000000100000000)
  region size 1024K, 3 young (3072K), 3 survivors (3072K)
 Metaspace       used 61068K, capacity 63310K, committed 63536K, reserved 1103872K
  class space    used 8277K, capacity 9223K, committed 9344K, reserved 1048576K
}
Event: 1722,302 GC heap before
{Heap before GC invocations=39 (full 7):
 garbage-first heap   total 78848K, used 61987K [0x00000000c3800000, 0x0000000100000000)
  region size 1024K, 38 young (38912K), 3 survivors (3072K)
 Metaspace       used 61379K, capacity 63667K, committed 63792K, reserved 1103872K
  class space    used 8308K, capacity 9292K, committed 9344K, reserved 1048576K
}
Event: 1722,412 GC heap after
{Heap after GC invocations=40 (full 7):
 garbage-first heap   total 78848K, used 27842K [0x00000000c3800000, 0x0000000100000000)
  region size 1024K, 5 young (5120K), 5 survivors (5120K)
 Metaspace       used 61379K, capacity 63667K, committed 63792K, reserved 1103872K
  class space    used 8308K, capacity 9292K, committed 9344K, reserved 1048576K
}
Event: 1794,266 GC heap before
{Heap before GC invocations=40 (full 7):
 garbage-first heap   total 78848K, used 44226K [0x00000000c3800000, 0x0000000100000000)
  region size 1024K, 22 young (22528K), 5 survivors (5120K)
 Metaspace       used 61446K, capacity 63785K, committed 64048K, reserved 1103872K
  class space    used 8317K, capacity 9306K, committed 9344K, reserved 1048576K
}
Event: 1794,684 GC heap after
{Heap after GC invocations=41 (full 8):
 garbage-first heap   total 78848K, used 23793K [0x00000000c3800000, 0x0000000100000000)
  region size 1024K, 0 young (0K), 0 survivors (0K)
 Metaspace       used 61439K, capacity 63773K, committed 64048K, reserved 1103872K
  class space    used 8316K, capacity 9303K, committed 9344K, reserved 1048576K
}
Event: 1795,016 GC heap before
{Heap before GC invocations=41 (full 8):
 garbage-first heap   total 78848K, used 59633K [0x00000000c3800000, 0x0000000100000000)
  region size 1024K, 36 young (36864K), 0 survivors (0K)
 Metaspace       used 61480K, capacity 63865K, committed 64048K, reserved 1103872K
  class space    used 8321K, capacity 9310K, committed 9344K, reserved 1048576K
}
Event: 1795,023 GC heap after
{Heap after GC invocations=42 (full 8):
 garbage-first heap   total 78848K, used 26566K [0x00000000c3800000, 0x0000000100000000)
  region size 1024K, 3 young (3072K), 3 survivors (3072K)
 Metaspace       used 61480K, capacity 63865K, committed 64048K, reserved 1103872K
  class space    used 8321K, capacity 9310K, committed 9344K, reserved 1048576K
}
Event: 1795,481 GC heap before
{Heap before GC invocations=42 (full 8):
 garbage-first heap   total 78848K, used 61382K [0x00000000c3800000, 0x0000000100000000)
  region size 1024K, 37 young (37888K), 3 survivors (3072K)
 Metaspace       used 61671K, capacity 64033K, committed 64176K, reserved 1103872K
  class space    used 8333K, capacity 9345K, committed 9472K, reserved 1048576K
}
Event: 1795,488 GC heap after
{Heap after GC invocations=43 (full 8):
 garbage-first heap   total 78848K, used 27889K [0x00000000c3800000, 0x0000000100000000)
  region size 1024K, 4 young (4096K), 4 survivors (4096K)
 Metaspace       used 61671K, capacity 64033K, committed 64176K, reserved 1103872K
  class space    used 8333K, capacity 9345K, committed 9472K, reserved 1048576K
}
Event: 1922,571 GC heap before
{Heap before GC invocations=43 (full 8):
 garbage-first heap   total 78848K, used 45297K [0x00000000c3800000, 0x0000000100000000)
  region size 1024K, 22 young (22528K), 4 survivors (4096K)
 Metaspace       used 61675K, capacity 64039K, committed 64176K, reserved 1103872K
  class space    used 8333K, capacity 9347K, committed 9472K, reserved 1048576K
}
Event: 1923,193 GC heap after
{Heap after GC invocations=44 (full 9):
 garbage-first heap   total 78848K, used 23701K [0x00000000c3800000, 0x0000000100000000)
  region size 1024K, 0 young (0K), 0 survivors (0K)
 Metaspace       used 61668K, capacity 64027K, committed 64176K, reserved 1103872K
  class space    used 8332K, capacity 9344K, committed 9472K, reserved 1048576K
}
Event: 1923,832 GC heap before
{Heap before GC invocations=44 (full 9):
 garbage-first heap   total 78848K, used 59541K [0x00000000c3800000, 0x0000000100000000)
  region size 1024K, 36 young (36864K), 0 survivors (0K)
 Metaspace       used 61703K, capacity 64113K, committed 64432K, reserved 1103872K
  class space    used 8337K, capacity 9350K, committed 9472K, reserved 1048576K
}
Event: 1923,838 GC heap after
{Heap after GC invocations=45 (full 9):
 garbage-first heap   total 78848K, used 26461K [0x00000000c3800000, 0x0000000100000000)
  region size 1024K, 3 young (3072K), 3 survivors (3072K)
 Metaspace       used 61703K, capacity 64113K, committed 64432K, reserved 1103872K
  class space    used 8337K, capacity 9350K, committed 9472K, reserved 1048576K
}
Event: 1924,621 GC heap before
{Heap before GC invocations=45 (full 9):
 garbage-first heap   total 78848K, used 61277K [0x00000000c3800000, 0x0000000100000000)
  region size 1024K, 37 young (37888K), 3 survivors (3072K)
 Metaspace       used 61902K, capacity 64281K, committed 64432K, reserved 1103872K
  class space    used 8349K, capacity 9385K, committed 9472K, reserved 1048576K
}
Event: 1924,626 GC heap after
{Heap after GC invocations=46 (full 9):
 garbage-first heap   total 78848K, used 27797K [0x00000000c3800000, 0x0000000100000000)
  region size 1024K, 4 young (4096K), 4 survivors (4096K)
 Metaspace       used 61902K, capacity 64281K, committed 64432K, reserved 1103872K
  class space    used 8349K, capacity 9385K, committed 9472K, reserved 1048576K
}

