# JRE version: OpenJDK Runtime Environment (16.0.1+9) (build 16.0.1+9-24)
# Java VM: OpenJDK 64-Bit Server VM (16.0.1+9-24, mixed mode, tiered, compressed oops, compressed class ptrs, g1 gc, linux-amd64)
GC Precious Log:
 CPUs: 4 total, 4 available
 Memory: 3865M
 Large Page Support: Disabled
 NUMA Support: Disabled
 Compressed Oops: Enabled (32-bit)
 Heap Region Size: 1M
 Heap Min Capacity: 8M
 Heap Initial Capacity: 62M
 Heap Max Capacity: 968M
 Pre-touch: Disabled
 Parallel Workers: 4
 Concurrent Workers: 1
 Concurrent Refinement Workers: 4
 Periodic GC: Disabled
Heap:
 garbage-first heap   total 86016K, used 36968K [0x00000000c3800000, 0x0000000100000000)
  region size 1024K, 12 young (12288K), 5 survivors (5120K)
 Metaspace       used 75474K, committed 76800K, reserved 1122304K
  class space    used 9700K, committed 10304K, reserved 1048576K
GC Heap History (20 events):
Event: 1513,558 GC heap before
{Heap before GC invocations=93 (full 25):
 garbage-first heap   total 86016K, used 67404K [0x00000000c3800000, 0x0000000100000000)
  region size 1024K, 41 young (41984K), 3 survivors (3072K)
 Metaspace       used 74774K, committed 76032K, reserved 1122304K
  class space    used 9652K, committed 10240K, reserved 1048576K
}
Event: 1513,564 GC heap after
{Heap after GC invocations=94 (full 25):
 garbage-first heap   total 86016K, used 30447K [0x00000000c3800000, 0x0000000100000000)
  region size 1024K, 5 young (5120K), 5 survivors (5120K)
 Metaspace       used 74774K, committed 76032K, reserved 1122304K
  class space    used 9652K, committed 10240K, reserved 1048576K
}
Event: 1528,005 GC heap before
{Heap before GC invocations=94 (full 25):
 garbage-first heap   total 86016K, used 34543K [0x00000000c3800000, 0x0000000100000000)
  region size 1024K, 10 young (10240K), 5 survivors (5120K)
 Metaspace       used 74777K, committed 76032K, reserved 1122304K
  class space    used 9652K, committed 10240K, reserved 1048576K
}
Event: 1528,064 GC heap after
{Heap after GC invocations=95 (full 26):
 garbage-first heap   total 86016K, used 25653K [0x00000000c3800000, 0x0000000100000000)
  region size 1024K, 0 young (0K), 0 survivors (0K)
 Metaspace       used 74771K, committed 76032K, reserved 1122304K
  class space    used 9651K, committed 10240K, reserved 1048576K
}
Event: 1528,419 GC heap before
{Heap before GC invocations=95 (full 26):
 garbage-first heap   total 86016K, used 67637K [0x00000000c3800000, 0x0000000100000000)
  region size 1024K, 41 young (41984K), 0 survivors (0K)
 Metaspace       used 74805K, committed 76096K, reserved 1122304K
  class space    used 9656K, committed 10240K, reserved 1048576K
}
Event: 1528,423 GC heap after
{Heap after GC invocations=96 (full 26):
 garbage-first heap   total 86016K, used 28937K [0x00000000c3800000, 0x0000000100000000)
  region size 1024K, 4 young (4096K), 4 survivors (4096K)
 Metaspace       used 74805K, committed 76096K, reserved 1122304K
  class space    used 9656K, committed 10240K, reserved 1048576K
}
Event: 1528,586 GC heap before
{Heap before GC invocations=96 (full 26):
 garbage-first heap   total 86016K, used 67849K [0x00000000c3800000, 0x0000000100000000)
  region size 1024K, 42 young (43008K), 4 survivors (4096K)
 Metaspace       used 75002K, committed 76288K, reserved 1122304K
  class space    used 9667K, committed 10240K, reserved 1048576K
}
Event: 1528,590 GC heap after
{Heap after GC invocations=97 (full 26):
 garbage-first heap   total 86016K, used 30526K [0x00000000c3800000, 0x0000000100000000)
  region size 1024K, 5 young (5120K), 5 survivors (5120K)
 Metaspace       used 75002K, committed 76288K, reserved 1122304K
  class space    used 9667K, committed 10240K, reserved 1048576K
}
Event: 1541,024 GC heap before
{Heap before GC invocations=97 (full 26):
 garbage-first heap   total 86016K, used 34622K [0x00000000c3800000, 0x0000000100000000)
  region size 1024K, 10 young (10240K), 5 survivors (5120K)
 Metaspace       used 75005K, committed 76288K, reserved 1122304K
  class space    used 9668K, committed 10240K, reserved 1048576K
}
Event: 1541,066 GC heap after
{Heap after GC invocations=98 (full 27):
 garbage-first heap   total 86016K, used 25832K [0x00000000c3800000, 0x0000000100000000)
  region size 1024K, 0 young (0K), 0 survivors (0K)
 Metaspace       used 74999K, committed 76288K, reserved 1122304K
  class space    used 9667K, committed 10240K, reserved 1048576K
}
Event: 1541,421 GC heap before
{Heap before GC invocations=98 (full 27):
 garbage-first heap   total 86016K, used 66792K [0x00000000c3800000, 0x0000000100000000)
  region size 1024K, 40 young (40960K), 0 survivors (0K)
 Metaspace       used 75033K, committed 76288K, reserved 1122304K
  class space    used 9671K, committed 10240K, reserved 1048576K
}
Event: 1541,424 GC heap after
{Heap after GC invocations=99 (full 27):
 garbage-first heap   total 86016K, used 28728K [0x00000000c3800000, 0x0000000100000000)
  region size 1024K, 3 young (3072K), 3 survivors (3072K)
 Metaspace       used 75033K, committed 76288K, reserved 1122304K
  class space    used 9671K, committed 10240K, reserved 1048576K
}
Event: 1541,581 GC heap before
{Heap before GC invocations=99 (full 27):
 garbage-first heap   total 86016K, used 67640K [0x00000000c3800000, 0x0000000100000000)
  region size 1024K, 41 young (41984K), 3 survivors (3072K)
 Metaspace       used 75230K, committed 76480K, reserved 1122304K
  class space    used 9682K, committed 10240K, reserved 1048576K
}
Event: 1541,587 GC heap after
{Heap after GC invocations=100 (full 27):
 garbage-first heap   total 86016K, used 30702K [0x00000000c3800000, 0x0000000100000000)
  region size 1024K, 5 young (5120K), 5 survivors (5120K)
 Metaspace       used 75230K, committed 76480K, reserved 1122304K
  class space    used 9682K, committed 10240K, reserved 1048576K
}
Event: 1576,138 GC heap before
{Heap before GC invocations=100 (full 27):
 garbage-first heap   total 86016K, used 35822K [0x00000000c3800000, 0x0000000100000000)
  region size 1024K, 11 young (11264K), 5 survivors (5120K)
 Metaspace       used 75232K, committed 76480K, reserved 1122304K
  class space    used 9683K, committed 10240K, reserved 1048576K
}
Event: 1576,291 GC heap after
{Heap after GC invocations=101 (full 28):
 garbage-first heap   total 86016K, used 25960K [0x00000000c3800000, 0x0000000100000000)
  region size 1024K, 0 young (0K), 0 survivors (0K)
 Metaspace       used 75226K, committed 76480K, reserved 1122304K
  class space    used 9682K, committed 10240K, reserved 1048576K
}
Event: 1576,805 GC heap before
{Heap before GC invocations=101 (full 28):
 garbage-first heap   total 86016K, used 66920K [0x00000000c3800000, 0x0000000100000000)
  region size 1024K, 40 young (40960K), 0 survivors (0K)
 Metaspace       used 75260K, committed 76544K, reserved 1122304K
  class space    used 9686K, committed 10240K, reserved 1048576K
}
Event: 1576,812 GC heap after
{Heap after GC invocations=102 (full 28):
 garbage-first heap   total 86016K, used 29032K [0x00000000c3800000, 0x0000000100000000)
  region size 1024K, 3 young (3072K), 3 survivors (3072K)
 Metaspace       used 75260K, committed 76544K, reserved 1122304K
  class space    used 9686K, committed 10240K, reserved 1048576K
}
Event: 1576,990 GC heap before
{Heap before GC invocations=102 (full 28):
 garbage-first heap   total 86016K, used 67944K [0x00000000c3800000, 0x0000000100000000)
  region size 1024K, 41 young (41984K), 3 survivors (3072K)
 Metaspace       used 75457K, committed 76800K, reserved 1122304K
  class space    used 9697K, committed 10304K, reserved 1048576K
}
Event: 1576,996 GC heap after
{Heap after GC invocations=103 (full 28):
 garbage-first heap   total 86016K, used 30824K [0x00000000c3800000, 0x0000000100000000)
  region size 1024K, 5 young (5120K), 5 survivors (5120K)
 Metaspace       used 75457K, committed 76800K, reserved 1122304K
  class space    used 9697K, committed 10304K, reserved 1048576K
}

