# JRE version: OpenJDK Runtime Environment (16.0.1+9) (build 16.0.1+9-24)
# Java VM: OpenJDK 64-Bit Server VM (16.0.1+9-24, mixed mode, tiered, compressed oops, compressed class ptrs, g1 gc, linux-amd64)
GC Precious Log:
 CPUs: 4 total, 4 available
 Memory: 3865M
 Large Page Support: Disabled
 NUMA Support: Disabled
 Compressed Oops: Enabled (32-bit)
 Heap Region Size: 1M
 Heap Min Capacity: 8M
 Heap Initial Capacity: 62M
 Heap Max Capacity: 968M
 Pre-touch: Disabled
 Parallel Workers: 4
 Concurrent Workers: 1
 Concurrent Refinement Workers: 4
 Periodic GC: Disabled
Heap:
 garbage-first heap   total 78848K, used 27224K [0x00000000c3800000, 0x0000000100000000)
  region size 1024K, 5 young (5120K), 0 survivors (0K)
 Metaspace       used 69750K, committed 70400K, reserved 1114112K
  class space    used 9174K, committed 9472K, reserved 1048576K
GC Heap History (20 events):
Event: 444,862 GC heap before
{Heap before GC invocations=35 (full 4):
 garbage-first heap   total 81920K, used 35850K [0x00000000c3800000, 0x0000000100000000)
  region size 1024K, 11 young (11264K), 3 survivors (3072K)
 Metaspace       used 68853K, committed 69440K, reserved 1114112K
  class space    used 9101K, committed 9344K, reserved 1048576K
}
Event: 445,790 GC heap after
{Heap after GC invocations=36 (full 5):
 garbage-first heap   total 81920K, used 23548K [0x00000000c3800000, 0x0000000100000000)
  region size 1024K, 0 young (0K), 0 survivors (0K)
 Metaspace       used 68847K, committed 69440K, reserved 1114112K
  class space    used 9100K, committed 9344K, reserved 1048576K
}
Event: 446,562 GC heap before
{Heap before GC invocations=36 (full 5):
 garbage-first heap   total 81920K, used 63484K [0x00000000c3800000, 0x0000000100000000)
  region size 1024K, 39 young (39936K), 0 survivors (0K)
 Metaspace       used 68914K, committed 69568K, reserved 1114112K
  class space    used 9111K, committed 9408K, reserved 1048576K
}
Event: 446,609 GC heap after
{Heap after GC invocations=37 (full 5):
 garbage-first heap   total 81920K, used 26357K [0x00000000c3800000, 0x0000000100000000)
  region size 1024K, 3 young (3072K), 3 survivors (3072K)
 Metaspace       used 68914K, committed 69568K, reserved 1114112K
  class space    used 9111K, committed 9408K, reserved 1048576K
}
Event: 447,100 GC heap before
{Heap before GC invocations=37 (full 5):
 garbage-first heap   total 81920K, used 64245K [0x00000000c3800000, 0x0000000100000000)
  region size 1024K, 40 young (40960K), 3 survivors (3072K)
 Metaspace       used 69171K, committed 69760K, reserved 1114112K
  class space    used 9133K, committed 9408K, reserved 1048576K
}
Event: 447,118 GC heap after
{Heap after GC invocations=38 (full 5):
 garbage-first heap   total 81920K, used 28501K [0x00000000c3800000, 0x0000000100000000)
  region size 1024K, 3 young (3072K), 3 survivors (3072K)
 Metaspace       used 69171K, committed 69760K, reserved 1114112K
  class space    used 9133K, committed 9408K, reserved 1048576K
}
Event: 1173,398 GC heap before
{Heap before GC invocations=38 (full 5):
 garbage-first heap   total 81920K, used 58197K [0x00000000c3800000, 0x0000000100000000)
  region size 1024K, 33 young (33792K), 3 survivors (3072K)
 Metaspace       used 69226K, committed 69824K, reserved 1114112K
  class space    used 9137K, committed 9408K, reserved 1048576K
}
Event: 1174,739 GC heap after
{Heap after GC invocations=39 (full 6):
 garbage-first heap   total 81920K, used 24090K [0x00000000c3800000, 0x0000000100000000)
  region size 1024K, 0 young (0K), 0 survivors (0K)
 Metaspace       used 69220K, committed 69824K, reserved 1114112K
  class space    used 9136K, committed 9408K, reserved 1048576K
}
Event: 1176,010 GC heap before
{Heap before GC invocations=39 (full 6):
 garbage-first heap   total 81920K, used 64026K [0x00000000c3800000, 0x0000000100000000)
  region size 1024K, 39 young (39936K), 0 survivors (0K)
 Metaspace       used 69258K, committed 69824K, reserved 1114112K
  class space    used 9141K, committed 9408K, reserved 1048576K
}
Event: 1176,051 GC heap after
{Heap after GC invocations=40 (full 6):
 garbage-first heap   total 81920K, used 26902K [0x00000000c3800000, 0x0000000100000000)
  region size 1024K, 3 young (3072K), 3 survivors (3072K)
 Metaspace       used 69258K, committed 69824K, reserved 1114112K
  class space    used 9141K, committed 9408K, reserved 1048576K
}
Event: 1176,580 GC heap before
{Heap before GC invocations=40 (full 6):
 garbage-first heap   total 81920K, used 64790K [0x00000000c3800000, 0x0000000100000000)
  region size 1024K, 40 young (40960K), 3 survivors (3072K)
 Metaspace       used 69467K, committed 70144K, reserved 1114112K
  class space    used 9156K, committed 9472K, reserved 1048576K
}
Event: 1176,614 GC heap after
{Heap after GC invocations=41 (full 6):
 garbage-first heap   total 106496K, used 28895K [0x00000000c3800000, 0x0000000100000000)
  region size 1024K, 3 young (3072K), 3 survivors (3072K)
 Metaspace       used 69467K, committed 70144K, reserved 1114112K
  class space    used 9156K, committed 9472K, reserved 1048576K
}
Event: 1194,098 GC heap before
{Heap before GC invocations=41 (full 6):
 garbage-first heap   total 106496K, used 37087K [0x00000000c3800000, 0x0000000100000000)
  region size 1024K, 12 young (12288K), 3 survivors (3072K)
 Metaspace       used 69498K, committed 70144K, reserved 1114112K
  class space    used 9158K, committed 9472K, reserved 1048576K
}
Event: 1194,206 GC heap after
{Heap after GC invocations=42 (full 7):
 garbage-first heap   total 81920K, used 22889K [0x00000000c3800000, 0x0000000100000000)
  region size 1024K, 0 young (0K), 0 survivors (0K)
 Metaspace       used 69362K, committed 70144K, reserved 1114112K
  class space    used 9127K, committed 9472K, reserved 1048576K
}
Event: 1194,612 GC heap before
{Heap before GC invocations=42 (full 7):
 garbage-first heap   total 81920K, used 63849K [0x00000000c3800000, 0x0000000100000000)
  region size 1024K, 40 young (40960K), 0 survivors (0K)
 Metaspace       used 69461K, committed 70144K, reserved 1114112K
  class space    used 9146K, committed 9472K, reserved 1048576K
}
Event: 1194,620 GC heap after
{Heap after GC invocations=43 (full 7):
 garbage-first heap   total 81920K, used 25703K [0x00000000c3800000, 0x0000000100000000)
  region size 1024K, 3 young (3072K), 3 survivors (3072K)
 Metaspace       used 69461K, committed 70144K, reserved 1114112K
  class space    used 9146K, committed 9472K, reserved 1048576K
}
Event: 1194,950 GC heap before
{Heap before GC invocations=43 (full 7):
 garbage-first heap   total 81920K, used 64615K [0x00000000c3800000, 0x0000000100000000)
  region size 1024K, 41 young (41984K), 3 survivors (3072K)
 Metaspace       used 69712K, committed 70336K, reserved 1114112K
  class space    used 9169K, committed 9472K, reserved 1048576K
}
Event: 1194,974 GC heap after
{Heap after GC invocations=44 (full 7):
 garbage-first heap   total 81920K, used 27744K [0x00000000c3800000, 0x0000000100000000)
  region size 1024K, 5 young (5120K), 5 survivors (5120K)
 Metaspace       used 69712K, committed 70336K, reserved 1114112K
  class space    used 9169K, committed 9472K, reserved 1048576K
}
Event: 1437,641 GC heap before
{Heap before GC invocations=44 (full 7):
 garbage-first heap   total 81920K, used 40032K [0x00000000c3800000, 0x0000000100000000)
  region size 1024K, 18 young (18432K), 5 survivors (5120K)
 Metaspace       used 69745K, committed 70400K, reserved 1114112K
  class space    used 9172K, committed 9472K, reserved 1048576K
}
Event: 1440,310 GC heap after
{Heap after GC invocations=45 (full 8):
 garbage-first heap   total 78848K, used 23128K [0x00000000c3800000, 0x0000000100000000)
  region size 1024K, 0 young (0K), 0 survivors (0K)
 Metaspace       used 69739K, committed 70400K, reserved 1114112K
  class space    used 9171K, committed 9472K, reserved 1048576K
}

