# JRE version: OpenJDK Runtime Environment 18.9 (11.0.13+8) (build 11.0.13+8)
# Java VM: OpenJDK 64-Bit Server VM 18.9 (11.0.13+8, mixed mode, sharing, tiered, compressed oops, g1 gc, linux-amd64)
Heap:
 garbage-first heap   total 92160K, used 35306K [0x00000000c3800000, 0x0000000100000000)
  region size 1024K, 11 young (11264K), 0 survivors (0K)
 Metaspace       used 62168K, capacity 64186K, committed 64376K, reserved 1103872K
  class space    used 8506K, capacity 9310K, committed 9336K, reserved 1048576K
GC Heap History (20 events):
Event: 1,626 GC heap before
{Heap before GC invocations=5 (full 0):
 garbage-first heap   total 78848K, used 48575K [0x00000000c3800000, 0x0000000100000000)
  region size 1024K, 43 young (44032K), 4 survivors (4096K)
 Metaspace       used 18496K, capacity 19439K, committed 19840K, reserved 1067008K
  class space    used 2477K, capacity 2819K, committed 2944K, reserved 1048576K
}
Event: 1,637 GC heap after
{Heap after GC invocations=6 (full 0):
 garbage-first heap   total 78848K, used 10822K [0x00000000c3800000, 0x0000000100000000)
  region size 1024K, 5 young (5120K), 5 survivors (5120K)
 Metaspace       used 18496K, capacity 19439K, committed 19840K, reserved 1067008K
  class space    used 2477K, capacity 2819K, committed 2944K, reserved 1048576K
}
Event: 1,948 GC heap before
{Heap before GC invocations=6 (full 0):
 garbage-first heap   total 78848K, used 51782K [0x00000000c3800000, 0x0000000100000000)
  region size 1024K, 46 young (47104K), 5 survivors (5120K)
 Metaspace       used 20077K, capacity 21100K, committed 21248K, reserved 1067008K
  class space    used 2677K, capacity 3055K, committed 3072K, reserved 1048576K
}
Event: 1,954 GC heap after
{Heap after GC invocations=7 (full 0):
 garbage-first heap   total 78848K, used 12308K [0x00000000c3800000, 0x0000000100000000)
  region size 1024K, 5 young (5120K), 5 survivors (5120K)
 Metaspace       used 20077K, capacity 21100K, committed 21248K, reserved 1067008K
  class space    used 2677K, capacity 3055K, committed 3072K, reserved 1048576K
}
Event: 1,978 GC heap before
{Heap before GC invocations=7 (full 0):
 garbage-first heap   total 78848K, used 14356K [0x00000000c3800000, 0x0000000100000000)
  region size 1024K, 8 young (8192K), 5 survivors (5120K)
 Metaspace       used 20096K, capacity 21100K, committed 21248K, reserved 1067008K
  class space    used 2683K, capacity 3055K, committed 3072K, reserved 1048576K
}
Event: 1,988 GC heap after
{Heap after GC invocations=8 (full 0):
 garbage-first heap   total 78848K, used 12418K [0x00000000c3800000, 0x0000000100000000)
  region size 1024K, 3 young (3072K), 3 survivors (3072K)
 Metaspace       used 20096K, capacity 21100K, committed 21248K, reserved 1067008K
  class space    used 2683K, capacity 3055K, committed 3072K, reserved 1048576K
}
Event: 2,585 GC heap before
{Heap before GC invocations=9 (full 0):
 garbage-first heap   total 78848K, used 54402K [0x00000000c3800000, 0x0000000100000000)
  region size 1024K, 44 young (45056K), 3 survivors (3072K)
 Metaspace       used 24718K, capacity 25897K, committed 26240K, reserved 1071104K
  class space    used 3389K, capacity 3853K, committed 3968K, reserved 1048576K
}
Event: 2,593 GC heap after
{Heap after GC invocations=10 (full 0):
 garbage-first heap   total 112640K, used 14311K [0x00000000c3800000, 0x0000000100000000)
  region size 1024K, 5 young (5120K), 5 survivors (5120K)
 Metaspace       used 24718K, capacity 25897K, committed 26240K, reserved 1071104K
  class space    used 3389K, capacity 3853K, committed 3968K, reserved 1048576K
}
Event: 2,961 GC heap before
{Heap before GC invocations=10 (full 0):
 garbage-first heap   total 112640K, used 72679K [0x00000000c3800000, 0x0000000100000000)
  region size 1024K, 63 young (64512K), 5 survivors (5120K)
 Metaspace       used 27607K, capacity 28947K, committed 29184K, reserved 1075200K
  class space    used 3739K, capacity 4275K, committed 4352K, reserved 1048576K
}
Event: 2,971 GC heap after
{Heap after GC invocations=11 (full 0):
 garbage-first heap   total 112640K, used 16017K [0x00000000c3800000, 0x0000000100000000)
  region size 1024K, 6 young (6144K), 6 survivors (6144K)
 Metaspace       used 27607K, capacity 28947K, committed 29184K, reserved 1075200K
  class space    used 3739K, capacity 4275K, committed 4352K, reserved 1048576K
}
Event: 4,252 GC heap before
{Heap before GC invocations=11 (full 0):
 garbage-first heap   total 112640K, used 42641K [0x00000000c3800000, 0x0000000100000000)
  region size 1024K, 33 young (33792K), 6 survivors (6144K)
 Metaspace       used 34021K, capacity 35445K, committed 35584K, reserved 1079296K
  class space    used 4523K, capacity 5098K, committed 5120K, reserved 1048576K
}
Event: 4,269 GC heap after
{Heap after GC invocations=12 (full 0):
 garbage-first heap   total 112640K, used 18650K [0x00000000c3800000, 0x0000000100000000)
  region size 1024K, 7 young (7168K), 7 survivors (7168K)
 Metaspace       used 34021K, capacity 35445K, committed 35584K, reserved 1079296K
  class space    used 4523K, capacity 5098K, committed 5120K, reserved 1048576K
}
Event: 7,390 GC heap before
{Heap before GC invocations=13 (full 0):
 garbage-first heap   total 112640K, used 78042K [0x00000000c3800000, 0x0000000100000000)
  region size 1024K, 65 young (66560K), 7 survivors (7168K)
 Metaspace       used 41831K, capacity 43360K, committed 43768K, reserved 1087488K
  class space    used 5716K, capacity 6300K, committed 6392K, reserved 1048576K
}
Event: 7,437 GC heap after
{Heap after GC invocations=14 (full 0):
 garbage-first heap   total 112640K, used 20618K [0x00000000c3800000, 0x0000000100000000)
  region size 1024K, 7 young (7168K), 7 survivors (7168K)
 Metaspace       used 41831K, capacity 43360K, committed 43768K, reserved 1087488K
  class space    used 5716K, capacity 6300K, committed 6392K, reserved 1048576K
}
Event: 8,527 GC heap before
{Heap before GC invocations=15 (full 0):
 garbage-first heap   total 112640K, used 80010K [0x00000000c3800000, 0x0000000100000000)
  region size 1024K, 65 young (66560K), 7 survivors (7168K)
 Metaspace       used 50640K, capacity 52371K, committed 52600K, reserved 1093632K
  class space    used 7001K, capacity 7686K, committed 7800K, reserved 1048576K
}
Event: 8,539 GC heap after
{Heap after GC invocations=16 (full 0):
 garbage-first heap   total 153600K, used 23383K [0x00000000c3800000, 0x0000000100000000)
  region size 1024K, 5 young (5120K), 5 survivors (5120K)
 Metaspace       used 50640K, capacity 52371K, committed 52600K, reserved 1093632K
  class space    used 7001K, capacity 7686K, committed 7800K, reserved 1048576K
}
Event: 11,501 GC heap before
{Heap before GC invocations=16 (full 0):
 garbage-first heap   total 153600K, used 103255K [0x00000000c3800000, 0x0000000100000000)
  region size 1024K, 83 young (84992K), 5 survivors (5120K)
 Metaspace       used 59466K, capacity 61426K, committed 61688K, reserved 1101824K
  class space    used 8139K, capacity 8922K, committed 8952K, reserved 1048576K
}
Event: 11,511 GC heap after
{Heap after GC invocations=17 (full 0):
 garbage-first heap   total 153600K, used 27279K [0x00000000c3800000, 0x0000000100000000)
  region size 1024K, 9 young (9216K), 9 survivors (9216K)
 Metaspace       used 59466K, capacity 61426K, committed 61688K, reserved 1101824K
  class space    used 8139K, capacity 8922K, committed 8952K, reserved 1048576K
}
Event: 144,385 GC heap before
{Heap before GC invocations=17 (full 0):
 garbage-first heap   total 153600K, used 56975K [0x00000000c3800000, 0x0000000100000000)
  region size 1024K, 39 young (39936K), 9 survivors (9216K)
 Metaspace       used 62159K, capacity 64171K, committed 64376K, reserved 1103872K
  class space    used 8502K, capacity 9305K, committed 9336K, reserved 1048576K
}
Event: 146,426 GC heap after
{Heap after GC invocations=18 (full 1):
 garbage-first heap   total 92160K, used 25066K [0x00000000c3800000, 0x0000000100000000)
  region size 1024K, 0 young (0K), 0 survivors (0K)
 Metaspace       used 62155K, capacity 64165K, committed 64376K, reserved 1103872K
  class space    used 8502K, capacity 9304K, committed 9336K, reserved 1048576K
}

