# JRE version: OpenJDK Runtime Environment 18.9 (11.0.13+8) (build 11.0.13+8)
# Java VM: OpenJDK 64-Bit Server VM 18.9 (11.0.13+8, mixed mode, sharing, tiered, compressed oops, g1 gc, linux-amd64)
Heap:
 garbage-first heap   total 92160K, used 27181K [0x00000000c3800000, 0x0000000100000000)
  region size 1024K, 3 young (3072K), 0 survivors (0K)
 Metaspace       used 62137K, capacity 64193K, committed 64376K, reserved 1103872K
  class space    used 8502K, capacity 9315K, committed 9336K, reserved 1048576K
GC Heap History (20 events):
Event: 1,292 GC heap before
{Heap before GC invocations=4 (full 0):
 garbage-first heap   total 65536K, used 41895K [0x00000000c3800000, 0x0000000100000000)
  region size 1024K, 36 young (36864K), 2 survivors (2048K)
 Metaspace       used 14588K, capacity 15360K, committed 15616K, reserved 1062912K
  class space    used 1971K, capacity 2268K, committed 2304K, reserved 1048576K
}
Event: 1,298 GC heap after
{Heap after GC invocations=5 (full 0):
 garbage-first heap   total 88064K, used 9902K [0x00000000c3800000, 0x0000000100000000)
  region size 1024K, 4 young (4096K), 4 survivors (4096K)
 Metaspace       used 14588K, capacity 15360K, committed 15616K, reserved 1062912K
  class space    used 1971K, capacity 2268K, committed 2304K, reserved 1048576K
}
Event: 1,564 GC heap before
{Heap before GC invocations=5 (full 0):
 garbage-first heap   total 88064K, used 57006K [0x00000000c3800000, 0x0000000100000000)
  region size 1024K, 51 young (52224K), 4 survivors (4096K)
 Metaspace       used 18690K, capacity 19606K, committed 19840K, reserved 1067008K
  class space    used 2494K, capacity 2856K, committed 2944K, reserved 1048576K
}
Event: 1,584 GC heap after
{Heap after GC invocations=6 (full 0):
 garbage-first heap   total 88064K, used 11256K [0x00000000c3800000, 0x0000000100000000)
  region size 1024K, 5 young (5120K), 5 survivors (5120K)
 Metaspace       used 18690K, capacity 19606K, committed 19840K, reserved 1067008K
  class space    used 2494K, capacity 2856K, committed 2944K, reserved 1048576K
}
Event: 1,889 GC heap before
{Heap before GC invocations=6 (full 0):
 garbage-first heap   total 88064K, used 45048K [0x00000000c3800000, 0x0000000100000000)
  region size 1024K, 40 young (40960K), 5 survivors (5120K)
 Metaspace       used 20081K, capacity 21032K, committed 21248K, reserved 1067008K
  class space    used 2682K, capacity 3055K, committed 3072K, reserved 1048576K
}
Event: 1,897 GC heap after
{Heap after GC invocations=7 (full 0):
 garbage-first heap   total 88064K, used 12782K [0x00000000c3800000, 0x0000000100000000)
  region size 1024K, 6 young (6144K), 6 survivors (6144K)
 Metaspace       used 20081K, capacity 21032K, committed 21248K, reserved 1067008K
  class space    used 2682K, capacity 3055K, committed 3072K, reserved 1048576K
}
Event: 2,495 GC heap before
{Heap before GC invocations=8 (full 0):
 garbage-first heap   total 88064K, used 58862K [0x00000000c3800000, 0x0000000100000000)
  region size 1024K, 51 young (52224K), 6 survivors (6144K)
 Metaspace       used 25448K, capacity 26815K, committed 26880K, reserved 1073152K
  class space    used 3518K, capacity 4034K, committed 4096K, reserved 1048576K
}
Event: 2,502 GC heap after
{Heap after GC invocations=9 (full 0):
 garbage-first heap   total 88064K, used 14977K [0x00000000c3800000, 0x0000000100000000)
  region size 1024K, 6 young (6144K), 6 survivors (6144K)
 Metaspace       used 25448K, capacity 26815K, committed 26880K, reserved 1073152K
  class space    used 3518K, capacity 4034K, committed 4096K, reserved 1048576K
}
Event: 2,661 GC heap before
{Heap before GC invocations=9 (full 0):
 garbage-first heap   total 88064K, used 60033K [0x00000000c3800000, 0x0000000100000000)
  region size 1024K, 51 young (52224K), 6 survivors (6144K)
 Metaspace       used 27412K, capacity 28783K, committed 29184K, reserved 1075200K
  class space    used 3724K, capacity 4243K, committed 4352K, reserved 1048576K
}
Event: 2,669 GC heap after
{Heap after GC invocations=10 (full 0):
 garbage-first heap   total 123904K, used 16056K [0x00000000c3800000, 0x0000000100000000)
  region size 1024K, 5 young (5120K), 5 survivors (5120K)
 Metaspace       used 27412K, capacity 28783K, committed 29184K, reserved 1075200K
  class space    used 3724K, capacity 4243K, committed 4352K, reserved 1048576K
}
Event: 3,164 GC heap before
{Heap before GC invocations=10 (full 0):
 garbage-first heap   total 123904K, used 48824K [0x00000000c3800000, 0x0000000100000000)
  region size 1024K, 39 young (39936K), 5 survivors (5120K)
 Metaspace       used 34012K, capacity 35441K, committed 35584K, reserved 1079296K
  class space    used 4525K, capacity 5098K, committed 5120K, reserved 1048576K
}
Event: 3,171 GC heap after
{Heap after GC invocations=11 (full 0):
 garbage-first heap   total 123904K, used 18700K [0x00000000c3800000, 0x0000000100000000)
  region size 1024K, 7 young (7168K), 7 survivors (7168K)
 Metaspace       used 34012K, capacity 35441K, committed 35584K, reserved 1079296K
  class space    used 4525K, capacity 5098K, committed 5120K, reserved 1048576K
}
Event: 4,595 GC heap before
{Heap before GC invocations=12 (full 0):
 garbage-first heap   total 123904K, used 85260K [0x00000000c3800000, 0x0000000100000000)
  region size 1024K, 72 young (73728K), 7 survivors (7168K)
 Metaspace       used 42967K, capacity 44488K, committed 44920K, reserved 1087488K
  class space    used 5886K, capacity 6464K, committed 6520K, reserved 1048576K
}
Event: 4,612 GC heap after
{Heap after GC invocations=13 (full 0):
 garbage-first heap   total 123904K, used 20794K [0x00000000c3800000, 0x0000000100000000)
  region size 1024K, 6 young (6144K), 6 survivors (6144K)
 Metaspace       used 42967K, capacity 44488K, committed 44920K, reserved 1087488K
  class space    used 5886K, capacity 6464K, committed 6520K, reserved 1048576K
}
Event: 5,290 GC heap before
{Heap before GC invocations=14 (full 0):
 garbage-first heap   total 123904K, used 88378K [0x00000000c3800000, 0x0000000100000000)
  region size 1024K, 72 young (73728K), 6 survivors (6144K)
 Metaspace       used 51717K, capacity 53523K, committed 53752K, reserved 1095680K
  class space    used 7161K, capacity 7859K, committed 7928K, reserved 1048576K
}
Event: 5,299 GC heap after
{Heap after GC invocations=15 (full 0):
 garbage-first heap   total 123904K, used 23564K [0x00000000c3800000, 0x0000000100000000)
  region size 1024K, 5 young (5120K), 5 survivors (5120K)
 Metaspace       used 51717K, capacity 53523K, committed 53752K, reserved 1095680K
  class space    used 7161K, capacity 7859K, committed 7928K, reserved 1048576K
}
Event: 14,433 GC heap before
{Heap before GC invocations=15 (full 0):
 garbage-first heap   total 123904K, used 91148K [0x00000000c3800000, 0x0000000100000000)
  region size 1024K, 71 young (72704K), 5 survivors (5120K)
 Metaspace       used 59774K, capacity 61770K, committed 62072K, reserved 1101824K
  class space    used 8206K, capacity 8998K, committed 9080K, reserved 1048576K
}
Event: 14,456 GC heap after
{Heap after GC invocations=16 (full 0):
 garbage-first heap   total 149504K, used 27792K [0x00000000c3800000, 0x0000000100000000)
  region size 1024K, 7 young (7168K), 7 survivors (7168K)
 Metaspace       used 59774K, capacity 61770K, committed 62072K, reserved 1101824K
  class space    used 8206K, capacity 8998K, committed 9080K, reserved 1048576K
}
Event: 280,896 GC heap before
{Heap before GC invocations=16 (full 0):
 garbage-first heap   total 149504K, used 58512K [0x00000000c3800000, 0x0000000100000000)
  region size 1024K, 38 young (38912K), 7 survivors (7168K)
 Metaspace       used 62138K, capacity 64193K, committed 64376K, reserved 1103872K
  class space    used 8501K, capacity 9314K, committed 9336K, reserved 1048576K
}
Event: 281,919 GC heap after
{Heap after GC invocations=17 (full 1):
 garbage-first heap   total 92160K, used 25133K [0x00000000c3800000, 0x0000000100000000)
  region size 1024K, 0 young (0K), 0 survivors (0K)
 Metaspace       used 62134K, capacity 64187K, committed 64376K, reserved 1103872K
  class space    used 8500K, capacity 9313K, committed 9336K, reserved 1048576K
}

