# JRE version: OpenJDK Runtime Environment (16.0.1+9) (build 16.0.1+9-24)
# Java VM: OpenJDK 64-Bit Server VM (16.0.1+9-24, mixed mode, tiered, compressed oops, compressed class ptrs, g1 gc, linux-amd64)
GC Precious Log:
 CPUs: 4 total, 4 available
 Memory: 3865M
 Large Page Support: Disabled
 NUMA Support: Disabled
 Compressed Oops: Enabled (32-bit)
 Heap Region Size: 1M
 Heap Min Capacity: 8M
 Heap Initial Capacity: 62M
 Heap Max Capacity: 968M
 Pre-touch: Disabled
 Parallel Workers: 4
 Concurrent Workers: 1
 Concurrent Refinement Workers: 4
 Periodic GC: Disabled
Heap:
 garbage-first heap   total 70656K, used 33682K [0x00000000c3800000, 0x0000000100000000)
  region size 1024K, 10 young (10240K), 3 survivors (3072K)
 Metaspace       used 66907K, committed 67456K, reserved 1114112K
  class space    used 8928K, committed 9216K, reserved 1048576K
GC Heap History (20 events):
Event: 3,373 GC heap before
{Heap before GC invocations=12 (full 0):
 garbage-first heap   total 58368K, used 45406K [0x00000000c3800000, 0x0000000100000000)
  region size 1024K, 35 young (35840K), 5 survivors (5120K)
 Metaspace       used 42021K, committed 42368K, reserved 1089536K
  class space    used 5213K, committed 5376K, reserved 1048576K
}
Event: 3,380 GC heap after
{Heap after GC invocations=13 (full 0):
 garbage-first heap   total 58368K, used 17428K [0x00000000c3800000, 0x0000000100000000)
  region size 1024K, 3 young (3072K), 3 survivors (3072K)
 Metaspace       used 42021K, committed 42368K, reserved 1089536K
  class space    used 5213K, committed 5376K, reserved 1048576K
}
Event: 3,762 GC heap before
{Heap before GC invocations=13 (full 0):
 garbage-first heap   total 58368K, used 44052K [0x00000000c3800000, 0x0000000100000000)
  region size 1024K, 30 young (30720K), 3 survivors (3072K)
 Metaspace       used 48984K, committed 49408K, reserved 1097728K
  class space    used 6354K, committed 6528K, reserved 1048576K
}
Event: 3,766 GC heap after
{Heap after GC invocations=14 (full 0):
 garbage-first heap   total 58368K, used 18681K [0x00000000c3800000, 0x0000000100000000)
  region size 1024K, 4 young (4096K), 4 survivors (4096K)
 Metaspace       used 48984K, committed 49408K, reserved 1097728K
  class space    used 6354K, committed 6528K, reserved 1048576K
}
Event: 4,130 GC heap before
{Heap before GC invocations=14 (full 0):
 garbage-first heap   total 58368K, used 45305K [0x00000000c3800000, 0x0000000100000000)
  region size 1024K, 30 young (30720K), 4 survivors (4096K)
 Metaspace       used 54644K, committed 55040K, reserved 1097728K
  class space    used 7249K, committed 7424K, reserved 1048576K
}
Event: 4,135 GC heap after
{Heap after GC invocations=15 (full 0):
 garbage-first heap   total 58368K, used 20125K [0x00000000c3800000, 0x0000000100000000)
  region size 1024K, 3 young (3072K), 3 survivors (3072K)
 Metaspace       used 54644K, committed 55040K, reserved 1097728K
  class space    used 7249K, committed 7424K, reserved 1048576K
}
Event: 4,418 GC heap before
{Heap before GC invocations=15 (full 0):
 garbage-first heap   total 58368K, used 44701K [0x00000000c3800000, 0x0000000100000000)
  region size 1024K, 28 young (28672K), 3 survivors (3072K)
 Metaspace       used 57894K, committed 58240K, reserved 1105920K
  class space    used 7712K, committed 7872K, reserved 1048576K
}
Event: 4,424 GC heap after
{Heap after GC invocations=16 (full 0):
 garbage-first heap   total 58368K, used 21754K [0x00000000c3800000, 0x0000000100000000)
  region size 1024K, 4 young (4096K), 4 survivors (4096K)
 Metaspace       used 57894K, committed 58240K, reserved 1105920K
  class space    used 7712K, committed 7872K, reserved 1048576K
}
Event: 4,656 GC heap before
{Heap before GC invocations=16 (full 0):
 garbage-first heap   total 58368K, used 38138K [0x00000000c3800000, 0x0000000100000000)
  region size 1024K, 22 young (22528K), 4 survivors (4096K)
 Metaspace       used 60065K, committed 60416K, reserved 1105920K
  class space    used 8030K, committed 8192K, reserved 1048576K
}
Event: 4,662 GC heap after
{Heap after GC invocations=17 (full 0):
 garbage-first heap   total 70656K, used 23644K [0x00000000c3800000, 0x0000000100000000)
  region size 1024K, 4 young (4096K), 4 survivors (4096K)
 Metaspace       used 60065K, committed 60416K, reserved 1105920K
  class space    used 8030K, committed 8192K, reserved 1048576K
}
Event: 7,042 GC heap before
{Heap before GC invocations=18 (full 0):
 garbage-first heap   total 70656K, used 53340K [0x00000000c3800000, 0x0000000100000000)
  region size 1024K, 34 young (34816K), 4 survivors (4096K)
 Metaspace       used 64694K, committed 65152K, reserved 1105920K
  class space    used 8649K, committed 8896K, reserved 1048576K
}
Event: 7,050 GC heap after
{Heap after GC invocations=19 (full 0):
 garbage-first heap   total 70656K, used 26439K [0x00000000c3800000, 0x0000000100000000)
  region size 1024K, 5 young (5120K), 5 survivors (5120K)
 Metaspace       used 64694K, committed 65152K, reserved 1105920K
  class space    used 8649K, committed 8896K, reserved 1048576K
}
Event: 777,729 GC heap before
{Heap before GC invocations=19 (full 0):
 garbage-first heap   total 70656K, used 54087K [0x00000000c3800000, 0x0000000100000000)
  region size 1024K, 32 young (32768K), 5 survivors (5120K)
 Metaspace       used 66049K, committed 66432K, reserved 1114112K
  class space    used 8817K, committed 9024K, reserved 1048576K
}
Event: 777,868 GC heap after
{Heap after GC invocations=20 (full 0):
 garbage-first heap   total 70656K, used 27026K [0x00000000c3800000, 0x0000000100000000)
  region size 1024K, 1 young (1024K), 1 survivors (1024K)
 Metaspace       used 66049K, committed 66432K, reserved 1114112K
  class space    used 8817K, committed 9024K, reserved 1048576K
}
Event: 990,431 GC heap before
{Heap before GC invocations=20 (full 0):
 garbage-first heap   total 70656K, used 37266K [0x00000000c3800000, 0x0000000100000000)
  region size 1024K, 12 young (12288K), 1 survivors (1024K)
 Metaspace       used 66628K, committed 67136K, reserved 1114112K
  class space    used 8898K, committed 9152K, reserved 1048576K
}
Event: 991,358 GC heap after
{Heap after GC invocations=21 (full 1):
 garbage-first heap   total 70656K, used 22650K [0x00000000c3800000, 0x0000000100000000)
  region size 1024K, 0 young (0K), 0 survivors (0K)
 Metaspace       used 66628K, committed 67136K, reserved 1114112K
  class space    used 8898K, committed 9152K, reserved 1048576K
}
Event: 992,745 GC heap before
{Heap before GC invocations=21 (full 1):
 garbage-first heap   total 70656K, used 53370K [0x00000000c3800000, 0x0000000100000000)
  region size 1024K, 31 young (31744K), 0 survivors (0K)
 Metaspace       used 66682K, committed 67264K, reserved 1114112K
  class space    used 8908K, committed 9216K, reserved 1048576K
}
Event: 992,772 GC heap after
{Heap after GC invocations=22 (full 1):
 garbage-first heap   total 70656K, used 25141K [0x00000000c3800000, 0x0000000100000000)
  region size 1024K, 3 young (3072K), 3 survivors (3072K)
 Metaspace       used 66682K, committed 67264K, reserved 1114112K
  class space    used 8908K, committed 9216K, reserved 1048576K
}
Event: 993,073 GC heap before
{Heap before GC invocations=22 (full 1):
 garbage-first heap   total 70656K, used 53813K [0x00000000c3800000, 0x0000000100000000)
  region size 1024K, 31 young (31744K), 3 survivors (3072K)
 Metaspace       used 66877K, committed 67456K, reserved 1114112K
  class space    used 8924K, committed 9216K, reserved 1048576K
}
Event: 993,081 GC heap after
{Heap after GC invocations=23 (full 1):
 garbage-first heap   total 70656K, used 27538K [0x00000000c3800000, 0x0000000100000000)
  region size 1024K, 3 young (3072K), 3 survivors (3072K)
 Metaspace       used 66877K, committed 67456K, reserved 1114112K
  class space    used 8924K, committed 9216K, reserved 1048576K
}

