# JRE version: OpenJDK Runtime Environment 18.9 (11.0.13+8) (build 11.0.13+8)
# Java VM: OpenJDK 64-Bit Server VM 18.9 (11.0.13+8, mixed mode, sharing, tiered, compressed oops, g1 gc, linux-amd64)
Heap:
 garbage-first heap   total 96256K, used 30400K [0x00000000c3800000, 0x0000000100000000)
  region size 1024K, 5 young (5120K), 0 survivors (0K)
 Metaspace       used 63708K, capacity 65960K, committed 66296K, reserved 1105920K
  class space    used 8676K, capacity 9583K, committed 9720K, reserved 1048576K
GC Heap History (20 events):
Event: 10,855 GC heap before
{Heap before GC invocations=10 (full 0):
 garbage-first heap   total 95232K, used 43400K [0x00000000c3800000, 0x0000000100000000)
  region size 1024K, 32 young (32768K), 5 survivors (5120K)
 Metaspace       used 34012K, capacity 35434K, committed 35584K, reserved 1079296K
  class space    used 4524K, capacity 5098K, committed 5120K, reserved 1048576K
}
Event: 10,879 GC heap after
{Heap after GC invocations=11 (full 0):
 garbage-first heap   total 114688K, used 19292K [0x00000000c3800000, 0x0000000100000000)
  region size 1024K, 4 young (4096K), 4 survivors (4096K)
 Metaspace       used 34012K, capacity 35434K, committed 35584K, reserved 1079296K
  class space    used 4524K, capacity 5098K, committed 5120K, reserved 1048576K
}
Event: 16,399 GC heap before
{Heap before GC invocations=12 (full 0):
 garbage-first heap   total 114688K, used 82780K [0x00000000c3800000, 0x0000000100000000)
  region size 1024K, 66 young (67584K), 4 survivors (4096K)
 Metaspace       used 42586K, capacity 44106K, committed 44664K, reserved 1087488K
  class space    used 5813K, capacity 6401K, committed 6520K, reserved 1048576K
}
Event: 16,419 GC heap after
{Heap after GC invocations=13 (full 0):
 garbage-first heap   total 114688K, used 21235K [0x00000000c3800000, 0x0000000100000000)
  region size 1024K, 6 young (6144K), 6 survivors (6144K)
 Metaspace       used 42586K, capacity 44106K, committed 44664K, reserved 1087488K
  class space    used 5813K, capacity 6401K, committed 6520K, reserved 1048576K
}
Event: 17,449 GC heap before
{Heap before GC invocations=14 (full 0):
 garbage-first heap   total 114688K, used 83699K [0x00000000c3800000, 0x0000000100000000)
  region size 1024K, 67 young (68608K), 6 survivors (6144K)
 Metaspace       used 51143K, capacity 52937K, committed 53240K, reserved 1095680K
  class space    used 7079K, capacity 7791K, committed 7928K, reserved 1048576K
}
Event: 17,463 GC heap after
{Heap after GC invocations=15 (full 0):
 garbage-first heap   total 114688K, used 23545K [0x00000000c3800000, 0x0000000100000000)
  region size 1024K, 5 young (5120K), 5 survivors (5120K)
 Metaspace       used 51143K, capacity 52937K, committed 53240K, reserved 1095680K
  class space    used 7079K, capacity 7791K, committed 7928K, reserved 1048576K
}
Event: 108,994 GC heap before
{Heap before GC invocations=15 (full 0):
 garbage-first heap   total 114688K, used 87033K [0x00000000c3800000, 0x0000000100000000)
  region size 1024K, 67 young (68608K), 5 survivors (5120K)
 Metaspace       used 57210K, capacity 59172K, committed 59512K, reserved 1099776K
  class space    used 7890K, capacity 8687K, committed 8824K, reserved 1048576K
}
Event: 109,227 GC heap after
{Heap after GC invocations=16 (full 0):
 garbage-first heap   total 114688K, used 27122K [0x00000000c3800000, 0x0000000100000000)
  region size 1024K, 8 young (8192K), 8 survivors (8192K)
 Metaspace       used 57210K, capacity 59172K, committed 59512K, reserved 1099776K
  class space    used 7890K, capacity 8687K, committed 8824K, reserved 1048576K
}
Event: 668,451 GC heap before
{Heap before GC invocations=16 (full 0):
 garbage-first heap   total 114688K, used 87538K [0x00000000c3800000, 0x0000000100000000)
  region size 1024K, 67 young (68608K), 8 survivors (8192K)
 Metaspace       used 62912K, capacity 64963K, committed 65272K, reserved 1105920K
  class space    used 8589K, capacity 9375K, committed 9464K, reserved 1048576K
}
Event: 668,620 GC heap after
{Heap after GC invocations=17 (full 0):
 garbage-first heap   total 114688K, used 30518K [0x00000000c3800000, 0x0000000100000000)
  region size 1024K, 7 young (7168K), 7 survivors (7168K)
 Metaspace       used 62912K, capacity 64963K, committed 65272K, reserved 1105920K
  class space    used 8589K, capacity 9375K, committed 9464K, reserved 1048576K
}
Event: 695,257 GC heap before
{Heap before GC invocations=17 (full 0):
 garbage-first heap   total 114688K, used 33590K [0x00000000c3800000, 0x0000000100000000)
  region size 1024K, 11 young (11264K), 7 survivors (7168K)
 Metaspace       used 63041K, capacity 65075K, committed 65400K, reserved 1105920K
  class space    used 8612K, capacity 9456K, committed 9592K, reserved 1048576K
}
Event: 696,151 GC heap after
{Heap after GC invocations=18 (full 1):
 garbage-first heap   total 96256K, used 25614K [0x00000000c3800000, 0x0000000100000000)
  region size 1024K, 0 young (0K), 0 survivors (0K)
 Metaspace       used 63037K, capacity 65069K, committed 65400K, reserved 1105920K
  class space    used 8611K, capacity 9455K, committed 9592K, reserved 1048576K
}
Event: 698,168 GC heap before
{Heap before GC invocations=18 (full 1):
 garbage-first heap   total 96256K, used 74766K [0x00000000c3800000, 0x0000000100000000)
  region size 1024K, 48 young (49152K), 0 survivors (0K)
 Metaspace       used 63132K, capacity 65282K, committed 65656K, reserved 1105920K
  class space    used 8624K, capacity 9474K, committed 9592K, reserved 1048576K
}
Event: 698,185 GC heap after
{Heap after GC invocations=19 (full 1):
 garbage-first heap   total 96256K, used 29019K [0x00000000c3800000, 0x0000000100000000)
  region size 1024K, 4 young (4096K), 4 survivors (4096K)
 Metaspace       used 63132K, capacity 65282K, committed 65656K, reserved 1105920K
  class space    used 8624K, capacity 9474K, committed 9592K, reserved 1048576K
}
Event: 702,673 GC heap before
{Heap before GC invocations=19 (full 1):
 garbage-first heap   total 96256K, used 68955K [0x00000000c3800000, 0x0000000100000000)
  region size 1024K, 44 young (45056K), 4 survivors (4096K)
 Metaspace       used 63381K, capacity 65567K, committed 65656K, reserved 1105920K
  class space    used 8644K, capacity 9524K, committed 9592K, reserved 1048576K
}
Event: 703,335 GC heap after
{Heap after GC invocations=20 (full 2):
 garbage-first heap   total 96256K, used 24593K [0x00000000c3800000, 0x0000000100000000)
  region size 1024K, 0 young (0K), 0 survivors (0K)
 Metaspace       used 63377K, capacity 65561K, committed 65656K, reserved 1105920K
  class space    used 8644K, capacity 9523K, committed 9592K, reserved 1048576K
}
Event: 705,139 GC heap before
{Heap before GC invocations=20 (full 2):
 garbage-first heap   total 96256K, used 73745K [0x00000000c3800000, 0x0000000100000000)
  region size 1024K, 48 young (49152K), 0 survivors (0K)
 Metaspace       used 63432K, capacity 65671K, committed 65912K, reserved 1105920K
  class space    used 8653K, capacity 9535K, committed 9592K, reserved 1048576K
}
Event: 705,154 GC heap after
{Heap after GC invocations=21 (full 2):
 garbage-first heap   total 96256K, used 27857K [0x00000000c3800000, 0x0000000100000000)
  region size 1024K, 4 young (4096K), 4 survivors (4096K)
 Metaspace       used 63432K, capacity 65671K, committed 65912K, reserved 1105920K
  class space    used 8653K, capacity 9535K, committed 9592K, reserved 1048576K
}
Event: 734,813 GC heap before
{Heap before GC invocations=21 (full 2):
 garbage-first heap   total 96256K, used 71889K [0x00000000c3800000, 0x0000000100000000)
  region size 1024K, 48 young (49152K), 4 survivors (4096K)
 Metaspace       used 63713K, capacity 65966K, committed 66296K, reserved 1105920K
  class space    used 8677K, capacity 9584K, committed 9720K, reserved 1048576K
}
Event: 738,097 GC heap after
{Heap after GC invocations=22 (full 3):
 garbage-first heap   total 96256K, used 26304K [0x00000000c3800000, 0x0000000100000000)
  region size 1024K, 0 young (0K), 0 survivors (0K)
 Metaspace       used 63706K, capacity 65954K, committed 66296K, reserved 1105920K
  class space    used 8676K, capacity 9581K, committed 9720K, reserved 1048576K
}

