# JRE version: OpenJDK Runtime Environment 18.9 (11.0.13+8) (build 11.0.13+8)
# Java VM: OpenJDK 64-Bit Server VM 18.9 (11.0.13+8, mixed mode, sharing, tiered, compressed oops, g1 gc, linux-amd64)
Heap:
 garbage-first heap   total 92160K, used 65073K [0x00000000c3800000, 0x0000000100000000)
  region size 1024K, 40 young (40960K), 0 survivors (0K)
 Metaspace       used 62164K, capacity 64224K, committed 64376K, reserved 1103872K
  class space    used 8505K, capacity 9323K, committed 9336K, reserved 1048576K
GC Heap History (20 events):
Event: 1,700 GC heap before
{Heap before GC invocations=5 (full 0):
 garbage-first heap   total 80896K, used 48972K [0x00000000c3800000, 0x0000000100000000)
  region size 1024K, 42 young (43008K), 4 survivors (4096K)
 Metaspace       used 19480K, capacity 20439K, committed 20608K, reserved 1067008K
  class space    used 2586K, capacity 2941K, committed 2944K, reserved 1048576K
}
Event: 1,704 GC heap after
{Heap after GC invocations=6 (full 0):
 garbage-first heap   total 80896K, used 11689K [0x00000000c3800000, 0x0000000100000000)
  region size 1024K, 4 young (4096K), 4 survivors (4096K)
 Metaspace       used 19480K, capacity 20439K, committed 20608K, reserved 1067008K
  class space    used 2586K, capacity 2941K, committed 2944K, reserved 1048576K
}
Event: 1,867 GC heap before
{Heap before GC invocations=6 (full 0):
 garbage-first heap   total 80896K, used 26025K [0x00000000c3800000, 0x0000000100000000)
  region size 1024K, 19 young (19456K), 4 survivors (4096K)
 Metaspace       used 20064K, capacity 21032K, committed 21248K, reserved 1067008K
  class space    used 2684K, capacity 3055K, committed 3072K, reserved 1048576K
}
Event: 1,877 GC heap after
{Heap after GC invocations=7 (full 0):
 garbage-first heap   total 80896K, used 12531K [0x00000000c3800000, 0x0000000100000000)
  region size 1024K, 3 young (3072K), 3 survivors (3072K)
 Metaspace       used 20064K, capacity 21032K, committed 21248K, reserved 1067008K
  class space    used 2684K, capacity 3055K, committed 3072K, reserved 1048576K
}
Event: 2,373 GC heap before
{Heap before GC invocations=8 (full 0):
 garbage-first heap   total 80896K, used 50419K [0x00000000c3800000, 0x0000000100000000)
  region size 1024K, 40 young (40960K), 3 survivors (3072K)
 Metaspace       used 24093K, capacity 25263K, committed 25600K, reserved 1071104K
  class space    used 3292K, capacity 3749K, committed 3840K, reserved 1048576K
}
Event: 2,379 GC heap after
{Heap after GC invocations=9 (full 0):
 garbage-first heap   total 80896K, used 14132K [0x00000000c3800000, 0x0000000100000000)
  region size 1024K, 5 young (5120K), 5 survivors (5120K)
 Metaspace       used 24093K, capacity 25263K, committed 25600K, reserved 1071104K
  class space    used 3292K, capacity 3749K, committed 3840K, reserved 1048576K
}
Event: 2,642 GC heap before
{Heap before GC invocations=9 (full 0):
 garbage-first heap   total 80896K, used 50996K [0x00000000c3800000, 0x0000000100000000)
  region size 1024K, 42 young (43008K), 5 survivors (5120K)
 Metaspace       used 27419K, capacity 28783K, committed 28928K, reserved 1073152K
  class space    used 3725K, capacity 4243K, committed 4352K, reserved 1048576K
}
Event: 2,651 GC heap after
{Heap after GC invocations=10 (full 0):
 garbage-first heap   total 100352K, used 16010K [0x00000000c3800000, 0x0000000100000000)
  region size 1024K, 5 young (5120K), 5 survivors (5120K)
 Metaspace       used 27419K, capacity 28783K, committed 28928K, reserved 1073152K
  class space    used 3725K, capacity 4243K, committed 4352K, reserved 1048576K
}
Event: 2,930 GC heap before
{Heap before GC invocations=10 (full 0):
 garbage-first heap   total 100352K, used 64138K [0x00000000c3800000, 0x0000000100000000)
  region size 1024K, 53 young (54272K), 5 survivors (5120K)
 Metaspace       used 30994K, capacity 32421K, committed 32640K, reserved 1077248K
  class space    used 4147K, capacity 4689K, committed 4736K, reserved 1048576K
}
Event: 2,957 GC heap after
{Heap after GC invocations=11 (full 0):
 garbage-first heap   total 100352K, used 18113K [0x00000000c3800000, 0x0000000100000000)
  region size 1024K, 5 young (5120K), 5 survivors (5120K)
 Metaspace       used 30994K, capacity 32421K, committed 32640K, reserved 1077248K
  class space    used 4147K, capacity 4689K, committed 4736K, reserved 1048576K
}
Event: 3,096 GC heap before
{Heap before GC invocations=11 (full 0):
 garbage-first heap   total 100352K, used 21185K [0x00000000c3800000, 0x0000000100000000)
  region size 1024K, 9 young (9216K), 5 survivors (5120K)
 Metaspace       used 34019K, capacity 35441K, committed 35584K, reserved 1079296K
  class space    used 4527K, capacity 5098K, committed 5120K, reserved 1048576K
}
Event: 3,101 GC heap after
{Heap after GC invocations=12 (full 0):
 garbage-first heap   total 100352K, used 19005K [0x00000000c3800000, 0x0000000100000000)
  region size 1024K, 4 young (4096K), 4 survivors (4096K)
 Metaspace       used 34019K, capacity 35441K, committed 35584K, reserved 1079296K
  class space    used 4527K, capacity 5098K, committed 5120K, reserved 1048576K
}
Event: 3,976 GC heap before
{Heap before GC invocations=13 (full 0):
 garbage-first heap   total 100352K, used 70205K [0x00000000c3800000, 0x0000000100000000)
  region size 1024K, 54 young (55296K), 4 survivors (4096K)
 Metaspace       used 40514K, capacity 42041K, committed 42360K, reserved 1085440K
  class space    used 5543K, capacity 6139K, committed 6264K, reserved 1048576K
}
Event: 3,985 GC heap after
{Heap after GC invocations=14 (full 0):
 garbage-first heap   total 100352K, used 20418K [0x00000000c3800000, 0x0000000100000000)
  region size 1024K, 5 young (5120K), 5 survivors (5120K)
 Metaspace       used 40514K, capacity 42041K, committed 42360K, reserved 1085440K
  class space    used 5543K, capacity 6139K, committed 6264K, reserved 1048576K
}
Event: 4,739 GC heap before
{Heap before GC invocations=15 (full 0):
 garbage-first heap   total 100352K, used 74690K [0x00000000c3800000, 0x0000000100000000)
  region size 1024K, 58 young (59392K), 5 survivors (5120K)
 Metaspace       used 48735K, capacity 50274K, committed 50680K, reserved 1093632K
  class space    used 6769K, capacity 7391K, committed 7416K, reserved 1048576K
}
Event: 4,749 GC heap after
{Heap after GC invocations=16 (full 0):
 garbage-first heap   total 138240K, used 22300K [0x00000000c3800000, 0x0000000100000000)
  region size 1024K, 5 young (5120K), 5 survivors (5120K)
 Metaspace       used 48735K, capacity 50274K, committed 50680K, reserved 1093632K
  class space    used 6769K, capacity 7391K, committed 7416K, reserved 1048576K
}
Event: 5,630 GC heap before
{Heap before GC invocations=16 (full 0):
 garbage-first heap   total 138240K, used 88860K [0x00000000c3800000, 0x0000000100000000)
  region size 1024K, 70 young (71680K), 5 survivors (5120K)
 Metaspace       used 55380K, capacity 57350K, committed 57720K, reserved 1097728K
  class space    used 7669K, capacity 8447K, committed 8568K, reserved 1048576K
}
Event: 5,640 GC heap after
{Heap after GC invocations=17 (full 0):
 garbage-first heap   total 138240K, used 26551K [0x00000000c3800000, 0x0000000100000000)
  region size 1024K, 9 young (9216K), 9 survivors (9216K)
 Metaspace       used 55380K, capacity 57350K, committed 57720K, reserved 1097728K
  class space    used 7669K, capacity 8447K, committed 8568K, reserved 1048576K
}
Event: 52,356 GC heap before
{Heap before GC invocations=17 (full 0):
 garbage-first heap   total 138240K, used 76727K [0x00000000c3800000, 0x0000000100000000)
  region size 1024K, 60 young (61440K), 9 survivors (9216K)
 Metaspace       used 62110K, capacity 64117K, committed 64376K, reserved 1103872K
  class space    used 8495K, capacity 9311K, committed 9336K, reserved 1048576K
}
Event: 53,633 GC heap after
{Heap after GC invocations=18 (full 1):
 garbage-first heap   total 92160K, used 25137K [0x00000000c3800000, 0x0000000100000000)
  region size 1024K, 0 young (0K), 0 survivors (0K)
 Metaspace       used 62106K, capacity 64111K, committed 64376K, reserved 1103872K
  class space    used 8495K, capacity 9310K, committed 9336K, reserved 1048576K
}

