# JRE version: OpenJDK Runtime Environment 18.9 (11.0.13+8) (build 11.0.13+8)
# Java VM: OpenJDK 64-Bit Server VM 18.9 (11.0.13+8, mixed mode, sharing, tiered, compressed oops, g1 gc, linux-amd64)
Heap:
 garbage-first heap   total 89088K, used 27625K [0x00000000c3800000, 0x0000000100000000)
  region size 1024K, 5 young (5120K), 0 survivors (0K)
 Metaspace       used 58693K, capacity 60837K, committed 61084K, reserved 1101824K
  class space    used 8041K, capacity 8938K, committed 8956K, reserved 1048576K
GC Heap History (20 events):
Event: 5,021 GC heap before
{Heap before GC invocations=11 (full 0):
 garbage-first heap   total 103424K, used 71237K [0x00000000c3800000, 0x0000000100000000)
  region size 1024K, 60 young (61440K), 6 survivors (6144K)
 Metaspace       used 33346K, capacity 34748K, committed 35068K, reserved 1079296K
  class space    used 4450K, capacity 5011K, committed 5116K, reserved 1048576K
}
Event: 5,033 GC heap after
{Heap after GC invocations=12 (full 0):
 garbage-first heap   total 103424K, used 18640K [0x00000000c3800000, 0x0000000100000000)
  region size 1024K, 5 young (5120K), 5 survivors (5120K)
 Metaspace       used 33346K, capacity 34748K, committed 35068K, reserved 1079296K
  class space    used 4450K, capacity 5011K, committed 5116K, reserved 1048576K
}
Event: 5,138 GC heap before
{Heap before GC invocations=12 (full 0):
 garbage-first heap   total 103424K, used 22736K [0x00000000c3800000, 0x0000000100000000)
  region size 1024K, 10 young (10240K), 5 survivors (5120K)
 Metaspace       used 34469K, capacity 35854K, committed 36048K, reserved 1081344K
  class space    used 4540K, capacity 5081K, committed 5116K, reserved 1048576K
}
Event: 5,179 GC heap after
{Heap after GC invocations=13 (full 0):
 garbage-first heap   total 103424K, used 19393K [0x00000000c3800000, 0x0000000100000000)
  region size 1024K, 3 young (3072K), 3 survivors (3072K)
 Metaspace       used 34469K, capacity 35854K, committed 36048K, reserved 1081344K
  class space    used 4540K, capacity 5081K, committed 5116K, reserved 1048576K
}
Event: 5,945 GC heap before
{Heap before GC invocations=14 (full 0):
 garbage-first heap   total 103424K, used 71617K [0x00000000c3800000, 0x0000000100000000)
  region size 1024K, 54 young (55296K), 3 survivors (3072K)
 Metaspace       used 42964K, capacity 44388K, committed 44828K, reserved 1087488K
  class space    used 5852K, capacity 6431K, committed 6524K, reserved 1048576K
}
Event: 5,951 GC heap after
{Heap after GC invocations=15 (full 0):
 garbage-first heap   total 144384K, used 20817K [0x00000000c3800000, 0x0000000100000000)
  region size 1024K, 4 young (4096K), 4 survivors (4096K)
 Metaspace       used 42964K, capacity 44388K, committed 44828K, reserved 1087488K
  class space    used 5852K, capacity 6431K, committed 6524K, reserved 1048576K
}
Event: 7,307 GC heap before
{Heap before GC invocations=16 (full 0):
 garbage-first heap   total 144384K, used 98641K [0x00000000c3800000, 0x0000000100000000)
  region size 1024K, 80 young (81920K), 4 survivors (4096K)
 Metaspace       used 50712K, capacity 52458K, committed 52764K, reserved 1093632K
  class space    used 7040K, capacity 7761K, committed 7804K, reserved 1048576K
}
Event: 7,315 GC heap after
{Heap after GC invocations=17 (full 0):
 garbage-first heap   total 144384K, used 24827K [0x00000000c3800000, 0x0000000100000000)
  region size 1024K, 8 young (8192K), 8 survivors (8192K)
 Metaspace       used 50712K, capacity 52458K, committed 52764K, reserved 1093632K
  class space    used 7040K, capacity 7761K, committed 7804K, reserved 1048576K
}
Event: 91,090 GC heap before
{Heap before GC invocations=17 (full 0):
 garbage-first heap   total 144384K, used 82171K [0x00000000c3800000, 0x0000000100000000)
  region size 1024K, 65 young (66560K), 8 survivors (8192K)
 Metaspace       used 57972K, capacity 60051K, committed 60444K, reserved 1101824K
  class space    used 7950K, capacity 8792K, committed 8828K, reserved 1048576K
}
Event: 91,489 GC heap after
{Heap after GC invocations=18 (full 1):
 garbage-first heap   total 89088K, used 23160K [0x00000000c3800000, 0x0000000100000000)
  region size 1024K, 0 young (0K), 0 survivors (0K)
 Metaspace       used 57954K, capacity 60023K, committed 60444K, reserved 1101824K
  class space    used 7946K, capacity 8784K, committed 8828K, reserved 1048576K
}
Event: 91,919 GC heap before
{Heap before GC invocations=18 (full 1):
 garbage-first heap   total 89088K, used 65144K [0x00000000c3800000, 0x0000000100000000)
  region size 1024K, 41 young (41984K), 0 survivors (0K)
 Metaspace       used 58024K, capacity 60141K, committed 60444K, reserved 1101824K
  class space    used 7958K, capacity 8800K, committed 8828K, reserved 1048576K
}
Event: 91,925 GC heap after
{Heap after GC invocations=19 (full 1):
 garbage-first heap   total 89088K, used 26232K [0x00000000c3800000, 0x0000000100000000)
  region size 1024K, 3 young (3072K), 3 survivors (3072K)
 Metaspace       used 58024K, capacity 60141K, committed 60444K, reserved 1101824K
  class space    used 7958K, capacity 8800K, committed 8828K, reserved 1048576K
}
Event: 284,035 GC heap before
{Heap before GC invocations=19 (full 1):
 garbage-first heap   total 89088K, used 65144K [0x00000000c3800000, 0x0000000100000000)
  region size 1024K, 42 young (43008K), 3 survivors (3072K)
 Metaspace       used 58228K, capacity 60349K, committed 60572K, reserved 1101824K
  class space    used 7976K, capacity 8846K, committed 8956K, reserved 1048576K
}
Event: 284,122 GC heap after
{Heap after GC invocations=20 (full 1):
 garbage-first heap   total 89088K, used 28448K [0x00000000c3800000, 0x0000000100000000)
  region size 1024K, 6 young (6144K), 6 survivors (6144K)
 Metaspace       used 58228K, capacity 60349K, committed 60572K, reserved 1101824K
  class space    used 7976K, capacity 8846K, committed 8956K, reserved 1048576K
}
Event: 380,540 GC heap before
{Heap before GC invocations=20 (full 1):
 garbage-first heap   total 89088K, used 35616K [0x00000000c3800000, 0x0000000100000000)
  region size 1024K, 14 young (14336K), 6 survivors (6144K)
 Metaspace       used 58492K, capacity 60596K, committed 60828K, reserved 1101824K
  class space    used 8018K, capacity 8885K, committed 8956K, reserved 1048576K
}
Event: 380,845 GC heap after
{Heap after GC invocations=21 (full 2):
 garbage-first heap   total 89088K, used 23703K [0x00000000c3800000, 0x0000000100000000)
  region size 1024K, 0 young (0K), 0 survivors (0K)
 Metaspace       used 58485K, capacity 60584K, committed 60828K, reserved 1101824K
  class space    used 8017K, capacity 8882K, committed 8956K, reserved 1048576K
}
Event: 381,307 GC heap before
{Heap before GC invocations=21 (full 2):
 garbage-first heap   total 89088K, used 64663K [0x00000000c3800000, 0x0000000100000000)
  region size 1024K, 41 young (41984K), 0 survivors (0K)
 Metaspace       used 58544K, capacity 60687K, committed 60828K, reserved 1101824K
  class space    used 8026K, capacity 8894K, committed 8956K, reserved 1048576K
}
Event: 381,312 GC heap after
{Heap after GC invocations=22 (full 2):
 garbage-first heap   total 89088K, used 26545K [0x00000000c3800000, 0x0000000100000000)
  region size 1024K, 3 young (3072K), 3 survivors (3072K)
 Metaspace       used 58544K, capacity 60687K, committed 60828K, reserved 1101824K
  class space    used 8026K, capacity 8894K, committed 8956K, reserved 1048576K
}
Event: 523,734 GC heap before
{Heap before GC invocations=22 (full 2):
 garbage-first heap   total 89088K, used 62385K [0x00000000c3800000, 0x0000000100000000)
  region size 1024K, 40 young (40960K), 3 survivors (3072K)
 Metaspace       used 58694K, capacity 60837K, committed 61084K, reserved 1101824K
  class space    used 8041K, capacity 8938K, committed 8956K, reserved 1048576K
}
Event: 527,079 GC heap after
{Heap after GC invocations=23 (full 3):
 garbage-first heap   total 89088K, used 23529K [0x00000000c3800000, 0x0000000100000000)
  region size 1024K, 0 young (0K), 0 survivors (0K)
 Metaspace       used 58688K, capacity 60825K, committed 61084K, reserved 1101824K
  class space    used 8040K, capacity 8935K, committed 8956K, reserved 1048576K
}

