# JRE version: OpenJDK Runtime Environment 18.9 (11.0.13+8) (build 11.0.13+8)
# Java VM: OpenJDK 64-Bit Server VM 18.9 (11.0.13+8, mixed mode, sharing, tiered, compressed oops, g1 gc, linux-amd64)
Heap:
 garbage-first heap   total 89088K, used 30550K [0x00000000c3800000, 0x0000000100000000)
  region size 1024K, 6 young (6144K), 5 survivors (5120K)
 Metaspace       used 59260K, capacity 61527K, committed 61596K, reserved 1101824K
  class space    used 8118K, capacity 9095K, committed 9160K, reserved 1048576K
GC Heap History (20 events):
Event: 130,473 GC heap after
{Heap after GC invocations=17 (full 1):
 garbage-first heap   total 89088K, used 23326K [0x00000000c3800000, 0x0000000100000000)
  region size 1024K, 0 young (0K), 0 survivors (0K)
 Metaspace       used 58167K, capacity 60146K, committed 60572K, reserved 1101824K
  class space    used 7978K, capacity 8787K, committed 8904K, reserved 1048576K
}
Event: 131,101 GC heap before
{Heap before GC invocations=17 (full 1):
 garbage-first heap   total 89088K, used 69406K [0x00000000c3800000, 0x0000000100000000)
  region size 1024K, 45 young (46080K), 0 survivors (0K)
 Metaspace       used 58236K, capacity 60264K, committed 60572K, reserved 1101824K
  class space    used 7991K, capacity 8803K, committed 8904K, reserved 1048576K
}
Event: 131,117 GC heap after
{Heap after GC invocations=18 (full 1):
 garbage-first heap   total 89088K, used 26778K [0x00000000c3800000, 0x0000000100000000)
  region size 1024K, 4 young (4096K), 4 survivors (4096K)
 Metaspace       used 58236K, capacity 60264K, committed 60572K, reserved 1101824K
  class space    used 7991K, capacity 8803K, committed 8904K, reserved 1048576K
}
Event: 275,539 GC heap before
{Heap before GC invocations=18 (full 1):
 garbage-first heap   total 89088K, used 58522K [0x00000000c3800000, 0x0000000100000000)
  region size 1024K, 37 young (37888K), 4 survivors (4096K)
 Metaspace       used 58378K, capacity 60414K, committed 60572K, reserved 1101824K
  class space    used 8006K, capacity 8851K, committed 8904K, reserved 1048576K
}
Event: 276,207 GC heap after
{Heap after GC invocations=19 (full 2):
 garbage-first heap   total 89088K, used 22972K [0x00000000c3800000, 0x0000000100000000)
  region size 1024K, 0 young (0K), 0 survivors (0K)
 Metaspace       used 58371K, capacity 60402K, committed 60572K, reserved 1101824K
  class space    used 8005K, capacity 8848K, committed 8904K, reserved 1048576K
}
Event: 276,706 GC heap before
{Heap before GC invocations=19 (full 2):
 garbage-first heap   total 89088K, used 68028K [0x00000000c3800000, 0x0000000100000000)
  region size 1024K, 44 young (45056K), 0 survivors (0K)
 Metaspace       used 58428K, capacity 60505K, committed 60828K, reserved 1101824K
  class space    used 8014K, capacity 8860K, committed 8904K, reserved 1048576K
}
Event: 276,713 GC heap after
{Heap after GC invocations=20 (full 2):
 garbage-first heap   total 89088K, used 25990K [0x00000000c3800000, 0x0000000100000000)
  region size 1024K, 3 young (3072K), 3 survivors (3072K)
 Metaspace       used 58428K, capacity 60505K, committed 60828K, reserved 1101824K
  class space    used 8014K, capacity 8860K, committed 8904K, reserved 1048576K
}
Event: 311,061 GC heap before
{Heap before GC invocations=20 (full 2):
 garbage-first heap   total 89088K, used 55686K [0x00000000c3800000, 0x0000000100000000)
  region size 1024K, 34 young (34816K), 3 survivors (3072K)
 Metaspace       used 58572K, capacity 60655K, committed 60828K, reserved 1101824K
  class space    used 8028K, capacity 8904K, committed 8904K, reserved 1048576K
}
Event: 311,139 GC heap after
{Heap after GC invocations=21 (full 3):
 garbage-first heap   total 89088K, used 23166K [0x00000000c3800000, 0x0000000100000000)
  region size 1024K, 0 young (0K), 0 survivors (0K)
 Metaspace       used 58565K, capacity 60643K, committed 60828K, reserved 1101824K
  class space    used 8026K, capacity 8901K, committed 8904K, reserved 1048576K
}
Event: 311,456 GC heap before
{Heap before GC invocations=21 (full 3):
 garbage-first heap   total 89088K, used 67198K [0x00000000c3800000, 0x0000000100000000)
  region size 1024K, 44 young (45056K), 0 survivors (0K)
 Metaspace       used 58636K, capacity 60761K, committed 60956K, reserved 1101824K
  class space    used 8038K, capacity 8918K, committed 9032K, reserved 1048576K
}
Event: 311,473 GC heap after
{Heap after GC invocations=22 (full 3):
 garbage-first heap   total 89088K, used 26095K [0x00000000c3800000, 0x0000000100000000)
  region size 1024K, 3 young (3072K), 3 survivors (3072K)
 Metaspace       used 58636K, capacity 60761K, committed 60956K, reserved 1101824K
  class space    used 8038K, capacity 8918K, committed 9032K, reserved 1048576K
}
Event: 360,800 GC heap before
{Heap before GC invocations=22 (full 3):
 garbage-first heap   total 89088K, used 55791K [0x00000000c3800000, 0x0000000100000000)
  region size 1024K, 34 young (34816K), 3 survivors (3072K)
 Metaspace       used 58787K, capacity 60927K, committed 61212K, reserved 1101824K
  class space    used 8054K, capacity 8966K, committed 9032K, reserved 1048576K
}
Event: 361,627 GC heap after
{Heap after GC invocations=23 (full 4):
 garbage-first heap   total 89088K, used 23237K [0x00000000c3800000, 0x0000000100000000)
  region size 1024K, 0 young (0K), 0 survivors (0K)
 Metaspace       used 58781K, capacity 60915K, committed 61212K, reserved 1101824K
  class space    used 8053K, capacity 8963K, committed 9032K, reserved 1048576K
}
Event: 362,338 GC heap before
{Heap before GC invocations=23 (full 4):
 garbage-first heap   total 89088K, used 67269K [0x00000000c3800000, 0x0000000100000000)
  region size 1024K, 44 young (45056K), 0 survivors (0K)
 Metaspace       used 58829K, capacity 61009K, committed 61212K, reserved 1101824K
  class space    used 8060K, capacity 8973K, committed 9032K, reserved 1048576K
}
Event: 362,368 GC heap after
{Heap after GC invocations=24 (full 4):
 garbage-first heap   total 89088K, used 26231K [0x00000000c3800000, 0x0000000100000000)
  region size 1024K, 3 young (3072K), 3 survivors (3072K)
 Metaspace       used 58829K, capacity 61009K, committed 61212K, reserved 1101824K
  class space    used 8060K, capacity 8973K, committed 9032K, reserved 1048576K
}
Event: 378,916 GC heap before
{Heap before GC invocations=24 (full 4):
 garbage-first heap   total 89088K, used 68215K [0x00000000c3800000, 0x0000000100000000)
  region size 1024K, 45 young (46080K), 3 survivors (3072K)
 Metaspace       used 59128K, capacity 61402K, committed 61596K, reserved 1101824K
  class space    used 8106K, capacity 9055K, committed 9160K, reserved 1048576K
}
Event: 378,949 GC heap after
{Heap after GC invocations=25 (full 4):
 garbage-first heap   total 89088K, used 27864K [0x00000000c3800000, 0x0000000100000000)
  region size 1024K, 5 young (5120K), 5 survivors (5120K)
 Metaspace       used 59128K, capacity 61402K, committed 61596K, reserved 1101824K
  class space    used 8106K, capacity 9055K, committed 9160K, reserved 1048576K
}
Event: 414,530 GC heap before
{Heap before GC invocations=25 (full 4):
 garbage-first heap   total 89088K, used 68824K [0x00000000c3800000, 0x0000000100000000)
  region size 1024K, 45 young (46080K), 5 survivors (5120K)
 Metaspace       used 59257K, capacity 61521K, committed 61596K, reserved 1101824K
  class space    used 8117K, capacity 9093K, committed 9160K, reserved 1048576K
}
Event: 415,877 GC heap after
{Heap after GC invocations=26 (full 4):
 garbage-first heap   total 89088K, used 30044K [0x00000000c3800000, 0x0000000100000000)
  region size 1024K, 5 young (5120K), 5 survivors (5120K)
 Metaspace       used 59257K, capacity 61521K, committed 61596K, reserved 1101824K
  class space    used 8117K, capacity 9093K, committed 9160K, reserved 1048576K
}
Event: 417,877 GC heap before
{Heap before GC invocations=26 (full 4):
 garbage-first heap   total 89088K, used 30044K [0x00000000c3800000, 0x0000000100000000)
  region size 1024K, 6 young (6144K), 5 survivors (5120K)
 Metaspace       used 59260K, capacity 61527K, committed 61596K, reserved 1101824K
  class space    used 8118K, capacity 9095K, committed 9160K, reserved 1048576K
}

