# JRE version: OpenJDK Runtime Environment 18.9 (11.0.12+7) (build 11.0.12+7)
# Java VM: OpenJDK 64-Bit Server VM 18.9 (11.0.12+7, mixed mode, sharing, tiered, compressed oops, g1 gc, linux-amd64)
Heap:
 garbage-first heap   total 65536K, used 36036K [0x00000000c3800000, 0x0000000100000000)
  region size 1024K, 20 young (20480K), 2 survivors (2048K)
 Metaspace       used 50340K, capacity 52007K, committed 52608K, reserved 1093632K
  class space    used 6750K, capacity 7383K, committed 7552K, reserved 1048576K
GC Heap History (20 events):
Event: 1409,521 GC heap before
{Heap before GC invocations=20 (full 2):
 garbage-first heap   total 65536K, used 32969K [0x00000000c3800000, 0x0000000100000000)
  region size 1024K, 15 young (15360K), 4 survivors (4096K)
 Metaspace       used 50129K, capacity 51837K, committed 52352K, reserved 1093632K
  class space    used 6713K, capacity 7366K, committed 7552K, reserved 1048576K
}
Event: 1409,783 GC heap after
{Heap after GC invocations=21 (full 3):
 garbage-first heap   total 65536K, used 19074K [0x00000000c3800000, 0x0000000100000000)
  region size 1024K, 0 young (0K), 0 survivors (0K)
 Metaspace       used 50126K, capacity 51831K, committed 52352K, reserved 1093632K
  class space    used 6712K, capacity 7364K, committed 7552K, reserved 1048576K
}
Event: 1410,060 GC heap before
{Heap before GC invocations=21 (full 3):
 garbage-first heap   total 65536K, used 46722K [0x00000000c3800000, 0x0000000100000000)
  region size 1024K, 27 young (27648K), 0 survivors (0K)
 Metaspace       used 50131K, capacity 51843K, committed 52352K, reserved 1093632K
  class space    used 6714K, capacity 7368K, committed 7552K, reserved 1048576K
}
Event: 1410,070 GC heap after
{Heap after GC invocations=22 (full 3):
 garbage-first heap   total 65536K, used 20959K [0x00000000c3800000, 0x0000000100000000)
  region size 1024K, 2 young (2048K), 2 survivors (2048K)
 Metaspace       used 50131K, capacity 51843K, committed 52352K, reserved 1093632K
  class space    used 6714K, capacity 7368K, committed 7552K, reserved 1048576K
}
Event: 1512,154 GC heap before
{Heap before GC invocations=22 (full 3):
 garbage-first heap   total 65536K, used 47583K [0x00000000c3800000, 0x0000000100000000)
  region size 1024K, 28 young (28672K), 2 survivors (2048K)
 Metaspace       used 50376K, capacity 52107K, committed 52608K, reserved 1093632K
  class space    used 6752K, capacity 7412K, committed 7552K, reserved 1048576K
}
Event: 1512,255 GC heap after
{Heap after GC invocations=23 (full 3):
 garbage-first heap   total 65536K, used 22146K [0x00000000c3800000, 0x0000000100000000)
  region size 1024K, 3 young (3072K), 3 survivors (3072K)
 Metaspace       used 50376K, capacity 52107K, committed 52608K, reserved 1093632K
  class space    used 6752K, capacity 7412K, committed 7552K, reserved 1048576K
}
Event: 1512,647 GC heap before
{Heap before GC invocations=23 (full 3):
 garbage-first heap   total 65536K, used 47746K [0x00000000c3800000, 0x0000000100000000)
  region size 1024K, 28 young (28672K), 3 survivors (3072K)
 Metaspace       used 50383K, capacity 52114K, committed 52608K, reserved 1093632K
  class space    used 6753K, capacity 7413K, committed 7552K, reserved 1048576K
}
Event: 1512,652 GC heap after
{Heap after GC invocations=24 (full 3):
 garbage-first heap   total 65536K, used 23157K [0x00000000c3800000, 0x0000000100000000)
  region size 1024K, 3 young (3072K), 3 survivors (3072K)
 Metaspace       used 50383K, capacity 52114K, committed 52608K, reserved 1093632K
  class space    used 6753K, capacity 7413K, committed 7552K, reserved 1048576K
}
Event: 1513,055 GC heap before
{Heap before GC invocations=24 (full 3):
 garbage-first heap   total 65536K, used 47733K [0x00000000c3800000, 0x0000000100000000)
  region size 1024K, 27 young (27648K), 3 survivors (3072K)
 Metaspace       used 50454K, capacity 52227K, committed 52608K, reserved 1093632K
  class space    used 6761K, capacity 7426K, committed 7552K, reserved 1048576K
}
Event: 1513,061 GC heap after
{Heap after GC invocations=25 (full 3):
 garbage-first heap   total 65536K, used 25428K [0x00000000c3800000, 0x0000000100000000)
  region size 1024K, 4 young (4096K), 4 survivors (4096K)
 Metaspace       used 50454K, capacity 52227K, committed 52608K, reserved 1093632K
  class space    used 6761K, capacity 7426K, committed 7552K, reserved 1048576K
}
Event: 1961,307 GC heap before
{Heap before GC invocations=25 (full 3):
 garbage-first heap   total 65536K, used 48980K [0x00000000c3800000, 0x0000000100000000)
  region size 1024K, 27 young (27648K), 4 survivors (4096K)
 Metaspace       used 50500K, capacity 52279K, committed 52608K, reserved 1093632K
  class space    used 6771K, capacity 7444K, committed 7552K, reserved 1048576K
}
Event: 1961,373 GC heap after
{Heap after GC invocations=26 (full 3):
 garbage-first heap   total 65536K, used 25563K [0x00000000c3800000, 0x0000000100000000)
  region size 1024K, 1 young (1024K), 1 survivors (1024K)
 Metaspace       used 50500K, capacity 52279K, committed 52608K, reserved 1093632K
  class space    used 6771K, capacity 7444K, committed 7552K, reserved 1048576K
}
Event: 2555,151 GC heap before
{Heap before GC invocations=26 (full 3):
 garbage-first heap   total 65536K, used 49115K [0x00000000c3800000, 0x0000000100000000)
  region size 1024K, 24 young (24576K), 1 survivors (1024K)
 Metaspace       used 50500K, capacity 52279K, committed 52608K, reserved 1093632K
  class space    used 6771K, capacity 7444K, committed 7552K, reserved 1048576K
}
Event: 2555,154 GC heap after
{Heap after GC invocations=27 (full 3):
 garbage-first heap   total 65536K, used 25311K [0x00000000c3800000, 0x0000000100000000)
  region size 1024K, 1 young (1024K), 1 survivors (1024K)
 Metaspace       used 50500K, capacity 52279K, committed 52608K, reserved 1093632K
  class space    used 6771K, capacity 7444K, committed 7552K, reserved 1048576K
}
Event: 3149,395 GC heap before
{Heap before GC invocations=27 (full 3):
 garbage-first heap   total 65536K, used 48863K [0x00000000c3800000, 0x0000000100000000)
  region size 1024K, 24 young (24576K), 1 survivors (1024K)
 Metaspace       used 50500K, capacity 52279K, committed 52608K, reserved 1093632K
  class space    used 6771K, capacity 7444K, committed 7552K, reserved 1048576K
}
Event: 3149,401 GC heap after
{Heap after GC invocations=28 (full 3):
 garbage-first heap   total 65536K, used 25293K [0x00000000c3800000, 0x0000000100000000)
  region size 1024K, 1 young (1024K), 1 survivors (1024K)
 Metaspace       used 50500K, capacity 52279K, committed 52608K, reserved 1093632K
  class space    used 6771K, capacity 7444K, committed 7552K, reserved 1048576K
}
Event: 3554,404 GC heap before
{Heap before GC invocations=28 (full 3):
 garbage-first heap   total 65536K, used 41677K [0x00000000c3800000, 0x0000000100000000)
  region size 1024K, 18 young (18432K), 1 survivors (1024K)
 Metaspace       used 50503K, capacity 52285K, committed 52608K, reserved 1093632K
  class space    used 6771K, capacity 7446K, committed 7552K, reserved 1048576K
}
Event: 3555,194 GC heap after
{Heap after GC invocations=29 (full 4):
 garbage-first heap   total 65536K, used 17852K [0x00000000c3800000, 0x0000000100000000)
  region size 1024K, 0 young (0K), 0 survivors (0K)
 Metaspace       used 50263K, capacity 51889K, committed 52608K, reserved 1093632K
  class space    used 6734K, capacity 7353K, committed 7552K, reserved 1048576K
}
Event: 3555,462 GC heap before
{Heap before GC invocations=29 (full 4):
 garbage-first heap   total 65536K, used 46524K [0x00000000c3800000, 0x0000000100000000)
  region size 1024K, 28 young (28672K), 0 survivors (0K)
 Metaspace       used 50321K, capacity 51982K, committed 52608K, reserved 1093632K
  class space    used 6747K, capacity 7378K, committed 7552K, reserved 1048576K
}
Event: 3555,486 GC heap after
{Heap after GC invocations=30 (full 4):
 garbage-first heap   total 65536K, used 19652K [0x00000000c3800000, 0x0000000100000000)
  region size 1024K, 2 young (2048K), 2 survivors (2048K)
 Metaspace       used 50321K, capacity 51982K, committed 52608K, reserved 1093632K
  class space    used 6747K, capacity 7378K, committed 7552K, reserved 1048576K
}

