# JRE version: OpenJDK Runtime Environment 18.9 (11.0.12+7) (build 11.0.12+7)
# Java VM: OpenJDK 64-Bit Server VM 18.9 (11.0.12+7, mixed mode, sharing, tiered, compressed oops, g1 gc, linux-amd64)
Heap:
 garbage-first heap   total 65536K, used 40555K [0x00000000c3800000, 0x0000000100000000)
  region size 1024K, 23 young (23552K), 1 survivors (1024K)
 Metaspace       used 51450K, capacity 53037K, committed 53888K, reserved 1095680K
  class space    used 6958K, capacity 7542K, committed 7808K, reserved 1048576K
GC Heap History (20 events):
Event: 5607,841 GC heap before
{Heap before GC invocations=25 (full 2):
 garbage-first heap   total 71680K, used 55548K [0x00000000c3800000, 0x0000000100000000)
  region size 1024K, 35 young (35840K), 3 survivors (3072K)
 Metaspace       used 51448K, capacity 53018K, committed 53888K, reserved 1095680K
  class space    used 6958K, capacity 7546K, committed 7808K, reserved 1048576K
}
Event: 5607,870 GC heap after
{Heap after GC invocations=26 (full 2):
 garbage-first heap   total 71680K, used 22522K [0x00000000c3800000, 0x0000000100000000)
  region size 1024K, 2 young (2048K), 2 survivors (2048K)
 Metaspace       used 51448K, capacity 53018K, committed 53888K, reserved 1095680K
  class space    used 6958K, capacity 7546K, committed 7808K, reserved 1048576K
}
Event: 7473,362 GC heap before
{Heap before GC invocations=26 (full 2):
 garbage-first heap   total 71680K, used 56314K [0x00000000c3800000, 0x0000000100000000)
  region size 1024K, 35 young (35840K), 2 survivors (2048K)
 Metaspace       used 51449K, capacity 53018K, committed 53888K, reserved 1095680K
  class space    used 6958K, capacity 7546K, committed 7808K, reserved 1048576K
}
Event: 7473,408 GC heap after
{Heap after GC invocations=27 (full 2):
 garbage-first heap   total 71680K, used 22618K [0x00000000c3800000, 0x0000000100000000)
  region size 1024K, 2 young (2048K), 2 survivors (2048K)
 Metaspace       used 51449K, capacity 53018K, committed 53888K, reserved 1095680K
  class space    used 6958K, capacity 7546K, committed 7808K, reserved 1048576K
}
Event: 9326,910 GC heap before
{Heap before GC invocations=27 (full 2):
 garbage-first heap   total 71680K, used 56410K [0x00000000c3800000, 0x0000000100000000)
  region size 1024K, 35 young (35840K), 2 survivors (2048K)
 Metaspace       used 51449K, capacity 53018K, committed 53888K, reserved 1095680K
  class space    used 6958K, capacity 7546K, committed 7808K, reserved 1048576K
}
Event: 9326,958 GC heap after
{Heap after GC invocations=28 (full 2):
 garbage-first heap   total 71680K, used 22572K [0x00000000c3800000, 0x0000000100000000)
  region size 1024K, 2 young (2048K), 2 survivors (2048K)
 Metaspace       used 51449K, capacity 53018K, committed 53888K, reserved 1095680K
  class space    used 6958K, capacity 7546K, committed 7808K, reserved 1048576K
}
Event: 11225,798 GC heap before
{Heap before GC invocations=28 (full 2):
 garbage-first heap   total 71680K, used 56364K [0x00000000c3800000, 0x0000000100000000)
  region size 1024K, 35 young (35840K), 2 survivors (2048K)
 Metaspace       used 51449K, capacity 53018K, committed 53888K, reserved 1095680K
  class space    used 6958K, capacity 7546K, committed 7808K, reserved 1048576K
}
Event: 11225,801 GC heap after
{Heap after GC invocations=29 (full 2):
 garbage-first heap   total 71680K, used 22480K [0x00000000c3800000, 0x0000000100000000)
  region size 1024K, 2 young (2048K), 2 survivors (2048K)
 Metaspace       used 51449K, capacity 53018K, committed 53888K, reserved 1095680K
  class space    used 6958K, capacity 7546K, committed 7808K, reserved 1048576K
}
Event: 13094,359 GC heap before
{Heap before GC invocations=29 (full 2):
 garbage-first heap   total 71680K, used 56272K [0x00000000c3800000, 0x0000000100000000)
  region size 1024K, 35 young (35840K), 2 survivors (2048K)
 Metaspace       used 51449K, capacity 53018K, committed 53888K, reserved 1095680K
  class space    used 6958K, capacity 7546K, committed 7808K, reserved 1048576K
}
Event: 13094,363 GC heap after
{Heap after GC invocations=30 (full 2):
 garbage-first heap   total 71680K, used 22560K [0x00000000c3800000, 0x0000000100000000)
  region size 1024K, 2 young (2048K), 2 survivors (2048K)
 Metaspace       used 51449K, capacity 53018K, committed 53888K, reserved 1095680K
  class space    used 6958K, capacity 7546K, committed 7808K, reserved 1048576K
}
Event: 14947,055 GC heap before
{Heap before GC invocations=30 (full 2):
 garbage-first heap   total 71680K, used 56352K [0x00000000c3800000, 0x0000000100000000)
  region size 1024K, 35 young (35840K), 2 survivors (2048K)
 Metaspace       used 51449K, capacity 53018K, committed 53888K, reserved 1095680K
  class space    used 6958K, capacity 7546K, committed 7808K, reserved 1048576K
}
Event: 14947,059 GC heap after
{Heap after GC invocations=31 (full 2):
 garbage-first heap   total 71680K, used 22509K [0x00000000c3800000, 0x0000000100000000)
  region size 1024K, 2 young (2048K), 2 survivors (2048K)
 Metaspace       used 51449K, capacity 53018K, committed 53888K, reserved 1095680K
  class space    used 6958K, capacity 7546K, committed 7808K, reserved 1048576K
}
Event: 16804,212 GC heap before
{Heap before GC invocations=31 (full 2):
 garbage-first heap   total 71680K, used 56301K [0x00000000c3800000, 0x0000000100000000)
  region size 1024K, 35 young (35840K), 2 survivors (2048K)
 Metaspace       used 51449K, capacity 53018K, committed 53888K, reserved 1095680K
  class space    used 6958K, capacity 7546K, committed 7808K, reserved 1048576K
}
Event: 16804,215 GC heap after
{Heap after GC invocations=32 (full 2):
 garbage-first heap   total 71680K, used 22576K [0x00000000c3800000, 0x0000000100000000)
  region size 1024K, 2 young (2048K), 2 survivors (2048K)
 Metaspace       used 51449K, capacity 53018K, committed 53888K, reserved 1095680K
  class space    used 6958K, capacity 7546K, committed 7808K, reserved 1048576K
}
Event: 17892,845 GC heap before
{Heap before GC invocations=32 (full 2):
 garbage-first heap   total 71680K, used 44080K [0x00000000c3800000, 0x0000000100000000)
  region size 1024K, 24 young (24576K), 2 survivors (2048K)
 Metaspace       used 51451K, capacity 53024K, committed 53888K, reserved 1095680K
  class space    used 6959K, capacity 7548K, committed 7808K, reserved 1048576K
}
Event: 17893,297 GC heap after
{Heap after GC invocations=33 (full 3):
 garbage-first heap   total 65536K, used 16825K [0x00000000c3800000, 0x0000000100000000)
  region size 1024K, 0 young (0K), 0 survivors (0K)
 Metaspace       used 51342K, capacity 52851K, committed 53888K, reserved 1095680K
  class space    used 6940K, capacity 7511K, committed 7808K, reserved 1048576K
}
Event: 17893,582 GC heap before
{Heap before GC invocations=33 (full 3):
 garbage-first heap   total 65536K, used 50617K [0x00000000c3800000, 0x0000000100000000)
  region size 1024K, 33 young (33792K), 0 survivors (0K)
 Metaspace       used 51422K, capacity 52961K, committed 53888K, reserved 1095680K
  class space    used 6956K, capacity 7539K, committed 7808K, reserved 1048576K
}
Event: 17893,592 GC heap after
{Heap after GC invocations=34 (full 3):
 garbage-first heap   total 65536K, used 19711K [0x00000000c3800000, 0x0000000100000000)
  region size 1024K, 3 young (3072K), 3 survivors (3072K)
 Metaspace       used 51422K, capacity 52961K, committed 53888K, reserved 1095680K
  class space    used 6956K, capacity 7539K, committed 7808K, reserved 1048576K
}
Event: 17893,610 GC heap before
{Heap before GC invocations=34 (full 3):
 garbage-first heap   total 65536K, used 50431K [0x00000000c3800000, 0x0000000100000000)
  region size 1024K, 34 young (34816K), 3 survivors (3072K)
 Metaspace       used 51422K, capacity 52961K, committed 53888K, reserved 1095680K
  class space    used 6956K, capacity 7539K, committed 7808K, reserved 1048576K
}
Event: 17893,613 GC heap after
{Heap after GC invocations=35 (full 3):
 garbage-first heap   total 65536K, used 20075K [0x00000000c3800000, 0x0000000100000000)
  region size 1024K, 1 young (1024K), 1 survivors (1024K)
 Metaspace       used 51422K, capacity 52961K, committed 53888K, reserved 1095680K
  class space    used 6956K, capacity 7539K, committed 7808K, reserved 1048576K
}

