# JRE version: OpenJDK Runtime Environment 18.9 (11.0.12+7) (build 11.0.12+7)
# Java VM: OpenJDK 64-Bit Server VM 18.9 (11.0.12+7, mixed mode, sharing, tiered, compressed oops, g1 gc, linux-amd64)
Heap:
 garbage-first heap   total 71680K, used 47810K [0x00000000c3800000, 0x0000000100000000)
  region size 1024K, 29 young (29696K), 0 survivors (0K)
 Metaspace       used 51658K, capacity 53827K, committed 54448K, reserved 1095680K
  class space    used 6996K, capacity 7686K, committed 7936K, reserved 1048576K
GC Heap History (20 events):
Event: 1782,404 GC heap before
{Heap before GC invocations=58 (full 11):
 garbage-first heap   total 71680K, used 53501K [0x00000000c3800000, 0x0000000100000000)
  region size 1024K, 35 young (35840K), 3 survivors (3072K)
 Metaspace       used 51517K, capacity 53608K, committed 54448K, reserved 1095680K
  class space    used 6976K, capacity 7653K, committed 7936K, reserved 1048576K
}
Event: 1782,406 GC heap after
{Heap after GC invocations=59 (full 11):
 garbage-first heap   total 71680K, used 21784K [0x00000000c3800000, 0x0000000100000000)
  region size 1024K, 3 young (3072K), 3 survivors (3072K)
 Metaspace       used 51517K, capacity 53608K, committed 54448K, reserved 1095680K
  class space    used 6976K, capacity 7653K, committed 7936K, reserved 1048576K
}
Event: 1783,650 GC heap before
{Heap before GC invocations=59 (full 11):
 garbage-first heap   total 71680K, used 54552K [0x00000000c3800000, 0x0000000100000000)
  region size 1024K, 36 young (36864K), 3 survivors (3072K)
 Metaspace       used 51554K, capacity 53680K, committed 54448K, reserved 1095680K
  class space    used 6980K, capacity 7657K, committed 7936K, reserved 1048576K
}
Event: 1783,696 GC heap after
{Heap after GC invocations=60 (full 11):
 garbage-first heap   total 71680K, used 23057K [0x00000000c3800000, 0x0000000100000000)
  region size 1024K, 4 young (4096K), 4 survivors (4096K)
 Metaspace       used 51554K, capacity 53680K, committed 54448K, reserved 1095680K
  class space    used 6980K, capacity 7657K, committed 7936K, reserved 1048576K
}
Event: 1886,436 GC heap before
{Heap before GC invocations=60 (full 11):
 garbage-first heap   total 71680K, used 26129K [0x00000000c3800000, 0x0000000100000000)
  region size 1024K, 8 young (8192K), 4 survivors (4096K)
 Metaspace       used 51557K, capacity 53686K, committed 54448K, reserved 1095680K
  class space    used 6980K, capacity 7659K, committed 7936K, reserved 1048576K
}
Event: 1886,781 GC heap after
{Heap after GC invocations=61 (full 12):
 garbage-first heap   total 71680K, used 19306K [0x00000000c3800000, 0x0000000100000000)
  region size 1024K, 0 young (0K), 0 survivors (0K)
 Metaspace       used 51554K, capacity 53680K, committed 54448K, reserved 1095680K
  class space    used 6980K, capacity 7657K, committed 7936K, reserved 1048576K
}
Event: 1887,089 GC heap before
{Heap before GC invocations=61 (full 12):
 garbage-first heap   total 71680K, used 55146K [0x00000000c3800000, 0x0000000100000000)
  region size 1024K, 36 young (36864K), 0 survivors (0K)
 Metaspace       used 51565K, capacity 53694K, committed 54448K, reserved 1095680K
  class space    used 6981K, capacity 7659K, committed 7936K, reserved 1048576K
}
Event: 1887,096 GC heap after
{Heap after GC invocations=62 (full 12):
 garbage-first heap   total 71680K, used 21922K [0x00000000c3800000, 0x0000000100000000)
  region size 1024K, 3 young (3072K), 3 survivors (3072K)
 Metaspace       used 51565K, capacity 53694K, committed 54448K, reserved 1095680K
  class space    used 6981K, capacity 7659K, committed 7936K, reserved 1048576K
}
Event: 1887,103 GC heap before
{Heap before GC invocations=62 (full 12):
 garbage-first heap   total 71680K, used 54690K [0x00000000c3800000, 0x0000000100000000)
  region size 1024K, 36 young (36864K), 3 survivors (3072K)
 Metaspace       used 51565K, capacity 53694K, committed 54448K, reserved 1095680K
  class space    used 6981K, capacity 7659K, committed 7936K, reserved 1048576K
}
Event: 1887,109 GC heap after
{Heap after GC invocations=63 (full 12):
 garbage-first heap   total 71680K, used 21781K [0x00000000c3800000, 0x0000000100000000)
  region size 1024K, 3 young (3072K), 3 survivors (3072K)
 Metaspace       used 51565K, capacity 53694K, committed 54448K, reserved 1095680K
  class space    used 6981K, capacity 7659K, committed 7936K, reserved 1048576K
}
Event: 1899,943 GC heap before
{Heap before GC invocations=63 (full 12):
 garbage-first heap   total 71680K, used 53525K [0x00000000c3800000, 0x0000000100000000)
  region size 1024K, 36 young (36864K), 3 survivors (3072K)
 Metaspace       used 51618K, capacity 53793K, committed 54448K, reserved 1095680K
  class space    used 6989K, capacity 7671K, committed 7936K, reserved 1048576K
}
Event: 1900,004 GC heap after
{Heap after GC invocations=64 (full 13):
 garbage-first heap   total 71680K, used 19370K [0x00000000c3800000, 0x0000000100000000)
  region size 1024K, 0 young (0K), 0 survivors (0K)
 Metaspace       used 51615K, capacity 53787K, committed 54448K, reserved 1095680K
  class space    used 6989K, capacity 7669K, committed 7936K, reserved 1048576K
}
Event: 1900,209 GC heap before
{Heap before GC invocations=64 (full 13):
 garbage-first heap   total 71680K, used 54186K [0x00000000c3800000, 0x0000000100000000)
  region size 1024K, 35 young (35840K), 0 survivors (0K)
 Metaspace       used 51630K, capacity 53807K, committed 54448K, reserved 1095680K
  class space    used 6991K, capacity 7673K, committed 7936K, reserved 1048576K
}
Event: 1900,214 GC heap after
{Heap after GC invocations=65 (full 13):
 garbage-first heap   total 71680K, used 21874K [0x00000000c3800000, 0x0000000100000000)
  region size 1024K, 3 young (3072K), 3 survivors (3072K)
 Metaspace       used 51630K, capacity 53807K, committed 54448K, reserved 1095680K
  class space    used 6991K, capacity 7673K, committed 7936K, reserved 1048576K
}
Event: 1900,225 GC heap before
{Heap before GC invocations=65 (full 13):
 garbage-first heap   total 71680K, used 54642K [0x00000000c3800000, 0x0000000100000000)
  region size 1024K, 36 young (36864K), 3 survivors (3072K)
 Metaspace       used 51630K, capacity 53807K, committed 54448K, reserved 1095680K
  class space    used 6991K, capacity 7673K, committed 7936K, reserved 1048576K
}
Event: 1900,229 GC heap after
{Heap after GC invocations=66 (full 13):
 garbage-first heap   total 71680K, used 21862K [0x00000000c3800000, 0x0000000100000000)
  region size 1024K, 3 young (3072K), 3 survivors (3072K)
 Metaspace       used 51630K, capacity 53807K, committed 54448K, reserved 1095680K
  class space    used 6991K, capacity 7673K, committed 7936K, reserved 1048576K
}
Event: 1953,439 GC heap before
{Heap before GC invocations=66 (full 13):
 garbage-first heap   total 71680K, used 54630K [0x00000000c3800000, 0x0000000100000000)
  region size 1024K, 36 young (36864K), 3 survivors (3072K)
 Metaspace       used 51670K, capacity 53882K, committed 54448K, reserved 1095680K
  class space    used 6996K, capacity 7678K, committed 7936K, reserved 1048576K
}
Event: 1953,505 GC heap after
{Heap after GC invocations=67 (full 13):
 garbage-first heap   total 71680K, used 23241K [0x00000000c3800000, 0x0000000100000000)
  region size 1024K, 4 young (4096K), 4 survivors (4096K)
 Metaspace       used 51670K, capacity 53882K, committed 54448K, reserved 1095680K
  class space    used 6996K, capacity 7678K, committed 7936K, reserved 1048576K
}
Event: 1954,224 GC heap before
{Heap before GC invocations=67 (full 13):
 garbage-first heap   total 71680K, used 24265K [0x00000000c3800000, 0x0000000100000000)
  region size 1024K, 6 young (6144K), 4 survivors (4096K)
 Metaspace       used 51673K, capacity 53888K, committed 54448K, reserved 1095680K
  class space    used 6996K, capacity 7680K, committed 7936K, reserved 1048576K
}
Event: 1954,441 GC heap after
{Heap after GC invocations=68 (full 14):
 garbage-first heap   total 71680K, used 19138K [0x00000000c3800000, 0x0000000100000000)
  region size 1024K, 0 young (0K), 0 survivors (0K)
 Metaspace       used 51583K, capacity 53707K, committed 54448K, reserved 1095680K
  class space    used 6984K, capacity 7665K, committed 7936K, reserved 1048576K
}

