# JRE version: OpenJDK Runtime Environment 18.9 (11.0.12+7) (build 11.0.12+7)
# Java VM: OpenJDK 64-Bit Server VM 18.9 (11.0.12+7, mixed mode, sharing, tiered, compressed oops, g1 gc, linux-amd64)
Heap:
 garbage-first heap   total 89088K, used 29779K [0x00000000c3800000, 0x0000000100000000)
  region size 1024K, 4 young (4096K), 0 survivors (0K)
 Metaspace       used 57330K, capacity 59276K, committed 60416K, reserved 1101824K
  class space    used 7685K, capacity 8350K, committed 8704K, reserved 1048576K
GC Heap History (20 events):
Event: 319,158 GC heap before
{Heap before GC invocations=33 (full 2):
 garbage-first heap   total 89088K, used 68518K [0x00000000c3800000, 0x0000000100000000)
  region size 1024K, 38 young (38912K), 3 survivors (3072K)
 Metaspace       used 57729K, capacity 59908K, committed 60032K, reserved 1101824K
  class space    used 7796K, capacity 8545K, committed 8576K, reserved 1048576K
}
Event: 319,162 GC heap after
{Heap after GC invocations=34 (full 2):
 garbage-first heap   total 89088K, used 33629K [0x00000000c3800000, 0x0000000100000000)
  region size 1024K, 3 young (3072K), 3 survivors (3072K)
 Metaspace       used 57729K, capacity 59908K, committed 60032K, reserved 1101824K
  class space    used 7796K, capacity 8545K, committed 8576K, reserved 1048576K
}
Event: 371,963 GC heap before
{Heap before GC invocations=34 (full 2):
 garbage-first heap   total 89088K, used 70493K [0x00000000c3800000, 0x0000000100000000)
  region size 1024K, 39 young (39936K), 3 survivors (3072K)
 Metaspace       used 57847K, capacity 60100K, committed 60416K, reserved 1101824K
  class space    used 7807K, capacity 8587K, committed 8704K, reserved 1048576K
}
Event: 371,985 GC heap after
{Heap after GC invocations=35 (full 2):
 garbage-first heap   total 89088K, used 36237K [0x00000000c3800000, 0x0000000100000000)
  region size 1024K, 5 young (5120K), 5 survivors (5120K)
 Metaspace       used 57847K, capacity 60100K, committed 60416K, reserved 1101824K
  class space    used 7807K, capacity 8587K, committed 8704K, reserved 1048576K
}
Event: 639,281 GC heap before
{Heap before GC invocations=35 (full 2):
 garbage-first heap   total 89088K, used 69005K [0x00000000c3800000, 0x0000000100000000)
  region size 1024K, 37 young (37888K), 5 survivors (5120K)
 Metaspace       used 57849K, capacity 60100K, committed 60416K, reserved 1101824K
  class space    used 7807K, capacity 8587K, committed 8704K, reserved 1048576K
}
Event: 639,388 GC heap after
{Heap after GC invocations=36 (full 2):
 garbage-first heap   total 89088K, used 36989K [0x00000000c3800000, 0x0000000100000000)
  region size 1024K, 1 young (1024K), 1 survivors (1024K)
 Metaspace       used 57849K, capacity 60100K, committed 60416K, reserved 1101824K
  class space    used 7807K, capacity 8587K, committed 8704K, reserved 1048576K
}
Event: 915,798 GC heap before
{Heap before GC invocations=36 (full 2):
 garbage-first heap   total 89088K, used 69757K [0x00000000c3800000, 0x0000000100000000)
  region size 1024K, 33 young (33792K), 1 survivors (1024K)
 Metaspace       used 57849K, capacity 60100K, committed 60416K, reserved 1101824K
  class space    used 7807K, capacity 8587K, committed 8704K, reserved 1048576K
}
Event: 915,801 GC heap after
{Heap after GC invocations=37 (full 2):
 garbage-first heap   total 89088K, used 36404K [0x00000000c3800000, 0x0000000100000000)
  region size 1024K, 1 young (1024K), 1 survivors (1024K)
 Metaspace       used 57849K, capacity 60100K, committed 60416K, reserved 1101824K
  class space    used 7807K, capacity 8587K, committed 8704K, reserved 1048576K
}
Event: 1201,946 GC heap before
{Heap before GC invocations=37 (full 2):
 garbage-first heap   total 89088K, used 70196K [0x00000000c3800000, 0x0000000100000000)
  region size 1024K, 34 young (34816K), 1 survivors (1024K)
 Metaspace       used 57851K, capacity 60103K, committed 60416K, reserved 1101824K
  class space    used 7807K, capacity 8588K, committed 8704K, reserved 1048576K
}
Event: 1201,952 GC heap after
{Heap after GC invocations=38 (full 2):
 garbage-first heap   total 89088K, used 36273K [0x00000000c3800000, 0x0000000100000000)
  region size 1024K, 1 young (1024K), 1 survivors (1024K)
 Metaspace       used 57851K, capacity 60103K, committed 60416K, reserved 1101824K
  class space    used 7807K, capacity 8588K, committed 8704K, reserved 1048576K
}
Event: 1488,234 GC heap before
{Heap before GC invocations=38 (full 2):
 garbage-first heap   total 89088K, used 70065K [0x00000000c3800000, 0x0000000100000000)
  region size 1024K, 34 young (34816K), 1 survivors (1024K)
 Metaspace       used 57851K, capacity 60103K, committed 60416K, reserved 1101824K
  class space    used 7807K, capacity 8588K, committed 8704K, reserved 1048576K
}
Event: 1488,237 GC heap after
{Heap after GC invocations=39 (full 2):
 garbage-first heap   total 89088K, used 36224K [0x00000000c3800000, 0x0000000100000000)
  region size 1024K, 1 young (1024K), 1 survivors (1024K)
 Metaspace       used 57851K, capacity 60103K, committed 60416K, reserved 1101824K
  class space    used 7807K, capacity 8588K, committed 8704K, reserved 1048576K
}
Event: 1783,522 GC heap before
{Heap before GC invocations=39 (full 2):
 garbage-first heap   total 89088K, used 71040K [0x00000000c3800000, 0x0000000100000000)
  region size 1024K, 35 young (35840K), 1 survivors (1024K)
 Metaspace       used 57851K, capacity 60103K, committed 60416K, reserved 1101824K
  class space    used 7807K, capacity 8588K, committed 8704K, reserved 1048576K
}
Event: 1783,523 GC heap after
{Heap after GC invocations=40 (full 2):
 garbage-first heap   total 89088K, used 36224K [0x00000000c3800000, 0x0000000100000000)
  region size 1024K, 1 young (1024K), 1 survivors (1024K)
 Metaspace       used 57851K, capacity 60103K, committed 60416K, reserved 1101824K
  class space    used 7807K, capacity 8588K, committed 8704K, reserved 1048576K
}
Event: 2078,304 GC heap before
{Heap before GC invocations=40 (full 2):
 garbage-first heap   total 89088K, used 71040K [0x00000000c3800000, 0x0000000100000000)
  region size 1024K, 35 young (35840K), 1 survivors (1024K)
 Metaspace       used 57851K, capacity 60103K, committed 60416K, reserved 1101824K
  class space    used 7807K, capacity 8588K, committed 8704K, reserved 1048576K
}
Event: 2078,306 GC heap after
{Heap after GC invocations=41 (full 2):
 garbage-first heap   total 89088K, used 36224K [0x00000000c3800000, 0x0000000100000000)
  region size 1024K, 1 young (1024K), 1 survivors (1024K)
 Metaspace       used 57851K, capacity 60103K, committed 60416K, reserved 1101824K
  class space    used 7807K, capacity 8588K, committed 8704K, reserved 1048576K
}
Event: 2357,003 GC heap before
{Heap before GC invocations=41 (full 2):
 garbage-first heap   total 89088K, used 72064K [0x00000000c3800000, 0x0000000100000000)
  region size 1024K, 36 young (36864K), 1 survivors (1024K)
 Metaspace       used 57865K, capacity 60106K, committed 60416K, reserved 1101824K
  class space    used 7810K, capacity 8589K, committed 8704K, reserved 1048576K
}
Event: 2357,016 GC heap after
{Heap after GC invocations=42 (full 2):
 garbage-first heap   total 89088K, used 36282K [0x00000000c3800000, 0x0000000100000000)
  region size 1024K, 1 young (1024K), 1 survivors (1024K)
 Metaspace       used 57865K, capacity 60106K, committed 60416K, reserved 1101824K
  class space    used 7810K, capacity 8589K, committed 8704K, reserved 1048576K
}
Event: 2458,825 GC heap before
{Heap before GC invocations=42 (full 2):
 garbage-first heap   total 89088K, used 50618K [0x00000000c3800000, 0x0000000100000000)
  region size 1024K, 16 young (16384K), 1 survivors (1024K)
 Metaspace       used 57869K, capacity 60112K, committed 60416K, reserved 1101824K
  class space    used 7811K, capacity 8591K, committed 8704K, reserved 1048576K
}
Event: 2462,264 GC heap after
{Heap after GC invocations=43 (full 3):
 garbage-first heap   total 89088K, used 26707K [0x00000000c3800000, 0x0000000100000000)
  region size 1024K, 0 young (0K), 0 survivors (0K)
 Metaspace       used 57329K, capacity 59270K, committed 60416K, reserved 1101824K
  class space    used 7685K, capacity 8348K, committed 8704K, reserved 1048576K
}

